BBLCOUNT        1.0         0
0x7f22406a41c0 1 8 42
0x7f2240689810 1 8 42
0x7f2240689c65 1 1 2
0x7f2240689c44 0 3 12
0x7f2240689c39 0 3 11
0x7f2240689c20 1 5 25
0x7f224068fa50 1 8 42
0x7f2240688a00 1 8 42
0x7f2240688589 1 1 2
0x7f2240688574 0 5 23
0x7f2240688550 1 7 36
0x7f2240688b30 1 6 30
0x7f22406a47e0 2 6 31
0x7f22406a47d4 0 1 2
0x7f22406a47b0 2 7 36
0x7f22406a5998 1 1 2
0x7f22406a5982 0 5 24
0x7f22406a5960 1 6 34
0x7f2240689dc0 1 5 26
0x7f2240689d3a 1 2 9
0x7f2240689d2c 1 4 14
0x7f2240689d10 1 5 28
0x7f22406885fd 1 1 2
0x7f2240689bc5 1 1 2
0x7f2240688520 1 4 23
0x7f2240688537 0 5 24
0x7f224068854d 1 1 2
0x7f22406b63e6 1 5 19
0x7f22406b63ce 1 4 24
0x7f22406b63c1 1 3 13
0x7f22406b639f 3 10 34
0x7f22406b63ce 0 4 24
0x7f22406b63c1 0 3 13
0x7f22406b6370 1 18 81
0x7f2240689cb5 1 1 2
0x7f2240689c94 0 3 12
0x7f2240689c89 0 3 11
0x7f2240689c70 1 5 25
0x7f224068b180 1 8 42
0x7f2240689b4d 1 1 2
0x7f2240689b37 0 5 24
0x7f2240689b20 1 4 23
0x7f2240689b7d 1 1 2
0x7f2240689b67 0 5 24
0x7f2240689b50 1 4 23
0x7f2240688de0 1 6 30
0x7f224068985e 0 3 15
0x7f2240689840 1 7 30
0x7f2240689ac0 1 5 26
0x7f2240689a3a 1 2 9
0x7f2240689a2c 1 4 14
0x7f2240689a10 1 5 28
0x7f22406a4700 2 8 42
0x7f224068b150 1 8 42
0x7f22406b6306 1 5 19
0x7f22407355a8 4 2 5
0x7f224073558e 4 6 26
0x7f2240735589 4 2 5
0x7f2240735582 4 2 7
0x7f2240735574 4 6 14
0x7f224073553a 4 12 58
0x7f2240735510 4 9 42
0x7f22406b62ee 1 4 24
0x7f22406b62e1 1 3 13
0x7f22406b62bf 3 10 34
0x7f22406b62ee 0 4 24
0x7f22406b62e1 0 3 13
0x7f22406b6290 1 18 81
0x7f2240688b00 1 8 42
0x7f22406885e7 0 5 24
0x7f22406885d0 1 4 23
0x7f2240689c15 1 1 2
0x7f2240689bf4 0 3 12
0x7f2240689be9 0 3 11
0x7f2240689bd0 1 5 25
0x7f2240688600 1 6 30
0x7f2240688a30 2 8 42
0x7f22406a3400 2 8 42
0x7f22406899aa 1 5 21
0x7f224068999a 1 4 16
0x7f224068998c 1 4 14
0x7f2240689970 1 5 28
0x7f22406885bd 1 1 2
0x7f22406885a7 0 5 24
0x7f2240688590 1 4 23
0x7f2240688ac7 1 1 2
0x7f2240688ab2 0 5 23
0x7f2240688aa2 1 3 16
0x7f2240688a90 1 4 18
0x7f224068989c 1 1 2
0x7f2240689890 1 3 12
0x7f2240689888 1 2 8
0x7f224068986d 0 5 23
0x7f22406898a0 2 5 28
0x7f22406898bc 2 4 14
0x7f22406898ca 2 2 9
0x7f2240689950 2 5 26
0x7f2240688ad0 1 4 23
0x7f2240688ae7 0 5 24
0x7f2240688afd 1 1 2
0x7f2240689b80 1 5 25
0x7f2240689b99 0 3 11
0x7f2240689ba4 0 3 12
0x400502 1 2 5
0x4004f0 1 4 16
0x400500 0 1 2
0x400510 2 2 12
0x400536 1 2 10
0x400530 148811 1 6
0x400566 1 2 10
0x400560 2 1 6
0x400570 1 11 42
0x4005f3 0 3 10
0x4005d0 1 10 35
0x4005fd 0 3 8
0x400608 1 2 2
0x400640 1 4 7
0x40068c 1 28 124
0x400708 1 7 22
0x400668 1 3 11
0x400673 0 5 25
0x40071e 0 5 25
0x400737 1 3 6
0x400652 1 6 22
0x40078c 22453371 30 88
0x4007e4 1999645 28 86
0x40087a 1 5 18
0x4008a9 1 4 14
0x4008b7 0 3 3
0x40088c 312502 11 43
0x4008b7 1 3 3
0x4008dc 148810 3 3
0x4008ba 148811 9 34
0x4009ba 1998224 2 4
0x4009a7 1998224 5 19
0x4009d9 0 2 7
0x4009cf 224 3 10
0x400998 224 4 15
0x400986 22453369 5 18
0x400973 22453369 5 19
0x400998 0 4 15
0x40098e 224 3 10
0x400966 224 4 13
0x400a32 0 1 2
0x400a1f 224 4 19
0x400949 1 4 29
0x400938 1 4 17
0x400927 1 4 17
0x4008df 1 7 24
0x4009d9 1 2 7
0x4009ca 148810 4 15
0x4009d9 222 2 7
0x4009e5 223 5 19
0x4009f8 1421 2 4
0x4008f7 1 3 11
0x400902 0 5 25
0x40091b 1 3 12
0x4009fc 223 3 10
0x400a06 0 5 25
0x4009e0 1198 6 24
0x4009ca 1849413 4 15
0x4009be 148811 3 12
0x400bac 1 7 21
0x400bda 1 4 20
0x400bc1 0 5 19
0x400c56 1 8 15
0x400c4d 1 3 9
0x400c36 1 6 23
0x400c31 1 2 5
0x400c00 1 15 49
0x7f22406208f0 297622 1 6
0x7f2240620990 11 1 6
0x7f2240620a40 1 1 6
0x7f2240620ad0 297621 1 6
0x7f2240620b10 1 1 6
0x7f2240620b60 1 1 6
0x7f2240620de6 1 5 16
0x7f2240620f22 1 2 11
0x7f2240620f2d 1 10 33
0x7f2240620f4e 0 8 23
0x7f2240620f5a 1 4 11
0x7f2240620f74 1 2 5
0x7f2240620f79 1 3 11
0x7f2240620f84 2 3 14
0x7f2240620f92 2 2 4
0x7f2240620f96 2 2 8
0x7f2240620f9e 1 2 6
0x7f2240620fa4 1 9 29
0x7f2240620f71 2 3 8
0x7f2240620f79 1 3 11
0x7f2240620f65 1 2 12
0x7f2240620f71 0 3 8
0x7f2240620f79 0 3 11
0x7f2240621042 1 2 10
0x7f224062104c 1 3 10
0x7f2240621056 1 8 29
0x7f2240620c20 1 13 51
0x7f2240620c53 0 2 9
0x7f2240620c5c 0 2 9
0x7f2240620d1a 1 4 19
0x7f2240620d2d 1 3 13
0x7f2240620d3a 1 3 14
0x7f2240620d48 1 3 12
0x7f2240620d54 1 5 28
0x7f2240620d70 1 2 11
0x7f2240620d7b 1 3 14
0x7f2240620d89 1 5 18
0x7f2240620dc6 1 3 9
0x7f2240620dcf 4 2 4
0x7f2240620dd3 4 5 13
0x7f2240620de0 1 2 6
0x7f2240620d9b 3 2 5
0x7f2240620da0 1 2 6
0x7f2240620da6 1 9 29
0x7f2240620dbb 3 2 8
0x7f2240620dc3 3 4 12
0x7f2240620ce3 1 15 46
0x7f2240620cab 1 12 56
0x7f2240620ca6 1 2 5
0x7f2240620ca3 0 3 8
0x7f2240620c73 1 11 48
0x7f2240620c6e 1 2 5
0x7f2240620e56 0 1 5
0x7f2240620e4d 1 2 9
0x7f2240620e22 1 7 18
0x7f2240620e1e 1 2 4
0x7f2240620e19 1 2 5
0x7f2240620fd3 1 3 15
0x7f2240620fc6 1 3 13
0x7f2240620fc1 1 2 5
0x7f224062117b 0 5 27
0x7f2240621148 3 10 34
0x7f224062116a 1 3 17
0x7f224062117b 1 5 27
0x7f2240621196 1 2 5
0x7f224062119b 0 7 42
0x7f22406211a2 1 6 35
0x7f22406211c5 1 7 33
0x7f22406211e6 1 1 5
0x7f22406211eb 1 6 11
0x7f224062116a 0 3 17
0x7f2240621106 1 21 100
0x7f2240621225 0 1 5
0x7f2240621200 1 6 37
0x7f22406210fc 0 22 110
0x7f22406210f2 0 3 10
0x7f22406210d0 1 11 34
0x7f22406212c6 1 5 21
0x7f22406212c1 1 2 5
0x7f22406212af 1 4 18
0x7f2240621260 1 13 44
0x7f224062128c 0 8 23
0x7f22406212a3 0 4 12
0x7f2240621295 1 4 14
0x7f22406212a3 1 4 12
0x7f22406212db 1 4 21
0x7f22406212f0 1 2 8
0x7f22406212f8 1 2 10
0x7f2240621306 1 12 68
0x7f2240621302 1 2 4
0x7f224062f070 1 16 80
0x7f22406361a0 1 19 88
0x7f224063621d 1 4 7
0x7f2240636208 0 4 13
0x7f2240636200 1 4 8
0x7f2240636240 1 2 7
0x7f224063920e 0 3 19
0x7f22406392eb 0 1 2
0x7f2240639228 1 5 17
0x7f2240639239 1 4 16
0x7f22406392e2 0 2 9
0x7f224063930f 1 5 10
0x7f22406392f5 0 3 19
0x7f2240639249 0 5 19
0x7f2240639287 1 5 23
0x7f22406391e0 1 8 25
0x7f22406391f9 0 2 10
0x7f2240639203 0 1 2
0x7f224063929e 0 2 5
0x7f2240639340 1 3 17
0x7f2240639205 1 2 9
0x7f22406392ca 1 4 24
0x7f22406392ed 1 2 8
0x7f22406393d9 1 2 5
0x7f22406393de 1 12 42
0x7f22406393c0 1 8 25
0x7f224064bf10 148811 14 55
0x7f224064be9e 0 3 7
0x7f224064be99 0 2 5
0x7f224064be80 148811 6 25
0x7f224064bf47 4 2 4
0x7f224064bf20 803350 12 39
0x7f224064bf47 148807 2 4
0x7f224064f845 0 6 36
0x7f224064f877 148811 2 9
0x7f224064f880 148811 3 10
0x7f224064f88a 0 5 29
0x7f224064f8b5 148811 4 27
0x7f224064f83b 148811 3 10
0x7f224064f821 148811 5 26
0x7f224064f8d0 148811 2 14
0x7f224064f8de 148811 2 13
0x7f224065085a 148811 8 38
0x7f2240650880 148811 6 25
0x7f22406502b2 148811 2 9
0x7f22406502bb 0 8 37
0x7f224064f7f8 148811 8 41
0x7f2240650780 148811 2 16
0x7f224064ee21 0 2 8
0x7f224064ee18 148810 2 9
0x7f224064f7e7 0 11 58
0x7f224064f7e1 0 1 6
0x7f224064f7d8 148811 2 9
0x7f224064fea0 148811 10 52
0x7f224064fe97 148811 2 9
0x7f224064fe8a 148811 3 13
0x7f224064ffc0 148811 2 15
0x7f22406500d3 148811 11 48
0x7f22406500a8 148811 8 43
0x7f224064fdeb 148811 11 49
0x7f224064ec44 148810 3 13
0x7f22406508fa 0 4 16
0x7f2240650324 148811 2 10
0x7f224065032e 148811 2 9
0x7f2240650337 0 3 10
0x7f2240650391 148811 3 12
0x7f224065039d 148811 2 9
0x7f22406503a6 148811 6 33
0x7f22406503c7 148811 5 24
0x7f22406503df 1 3 16
0x7f22406503ef 1 5 19
0x7f2240650402 1 2 12
0x7f224064f170 148811 3 21
0x7f224064f185 148811 6 31
0x7f224064f1a4 148811 3 16
0x7f224064f1b4 148811 6 33
0x7f224064f1d5 148811 5 15
0x7f22406502e0 0 3 17
0x7f22406502cb 148811 4 21
0x7f22406502e0 0 3 17
0x7f22406502f1 0 2 9
0x7f2240650600 148811 2 13
0x7f224065060d 0 3 14
0x7f224065061b 0 3 14
0x7f22406507b0 148811 2 9
0x7f22406507b9 148811 2 8
0x7f22406502f1 148811 2 9
0x7f22406502fa 0 3 14
0x7f2240650308 0 5 24
0x7f224065060d 148811 3 14
0x7f224065061b 0 3 14
0x7f2240650629 0 4 16
0x7f22406508de 148811 3 14
0x7f22406508ec 0 3 14
0x7f224064ec6c 148810 7 38
0x7f224064ec5a 148810 4 18
0x7f224064ee03 148810 8 15
0x7f224064eded 148810 4 22
0x7f224064edce 0 6 31
0x7f224064edc4 148810 3 10
0x7f224064efd2 148810 1 5
0x7f224064efbc 0 3 15
0x7f224064efb8 148810 2 4
0x7f224064efb6 0 1 2
0x7f224064efb1 0 2 5
0x7f224064efa0 148810 3 17
0x7f224064edc4 0 3 10
0x7f224064edb3 148810 3 17
0x7f224064edaa 148810 2 9
0x7f224064f219 148810 1 5
0x7f224064f20d 148810 3 12
0x7f224064f1fa 148810 5 19
0x7f224064f1e4 148810 5 22
0x7f224064ec51 148810 2 9
0x7f224064ec6c 1 7 38
0x7f224064ec5a 1 4 18
0x7f224064ebf0 148811 20 74
0x7f224064ec3a 1 4 23
0x7f224064ec51 1 2 9
0x7f224064fdc0 148811 8 43
0x7f224064eecf 148811 28 176
0x7f224064ee81 148811 12 78
0x7f224064ee69 148811 3 24
0x7f224064ee5b 148811 2 14
0x7f224064ee4d 148811 2 14
0x7f224064ee3d 148811 3 16
0x7f224064ee30 148811 2 13
0x7f224064edb3 0 3 17
0x7f224064eda4 0 3 15
0x7f224064ed9b 148811 2 9
0x7f2240650402 148810 2 12
0x7f22406503ef 148810 5 19
0x7f224064ed84 148811 6 23
0x7f22406503df 148810 3 16
0x7f224064ec92 148811 5 37
0x7f224064ecb7 148811 4 20
0x7f224064eccb 0 7 39
0x7f2240650250 148811 4 26
0x7f224064ecfb 148811 4 22
0x7f224064ed11 148811 4 16
0x7f224064ed44 148811 13 64
0x7f224064ed21 0 2 6
0x7f224064ed29 148811 2 5
0x7f224064ed2e 0 3 15
0x7f2240657934 0 22 130
0x7f22406579b6 148810 3 16
0x7f224065796b 148811 14 75
0x7f2240657934 0 22 130
0x7f2240657910 1 8 36
0x7f22406579c6 148810 2 8
0x7f2240657910 148810 8 36
0x7f224066f016 1 5 12
0x7f224066efa3 1 3 12
0x7f224066ef7c 1 8 39
0x7f224066ef50 1 11 44
0x7f224066effa 1 4 28
0x7f224066efaf 1 2 4
0x7f224066efb3 1 4 16
0x7f224066efc3 0 4 17
0x7f224066f030 1 10 39
0x7f224066f057 1 2 12
0x7f224066efc3 1 4 17
0x7f224066efd4 1 2 8
0x7f224066efdc 1 4 13
0x7f224066efe9 1 4 17
0x7f224067a9c7 148810 9 34
0x7f224067a9be 148810 2 9
0x7f224067a9ed 148810 10 22
0x7f224067aa58 0 1 2
0x7f224067aa50 148810 2 8
0x7f224067a9af 148810 4 15
0x7f224067aa15 0 2 5
0x7f224067aa08 148811 4 13
0x7f224067a9a1 0 4 14
0x7f224067a9a1 148811 4 14
0x7f224067a998 148811 2 9
0x7f224067aa1a 0 4 19
0x7f224067a950 148811 18 61
0x7f224067a98d 0 3 20
0x7f224067b690 1 4 16
0x7f224067b6c8 148811 1 5
0x7f224067b6a0 148811 8 20
0x7f224067b6b4 148811 5 17
0x7f224067b6dd 148811 5 17
0x7f224067b6ee 0 2 5
0x7f224067b6cd 148810 2 5
0x7f224067b6d2 148810 4 11
0x7f224067b6dd 0 5 17
0x7f224067b740 148810 3 8
0x7f224067b71a 148810 3 12
0x7f224067b726 0 8 19
0x7f224067b730 148810 6 9
0x7f224067be56 148807 1 5
0x7f224067be51 803350 2 5
0x7f224067be48 803350 3 9
0x7f224067bd46 148810 9 30
0x7f224067be56 3 1 5
0x7f224067be51 148810 2 5
0x7f224067bdb2 148811 3 13
0x7f224067bd8b 148811 8 39
0x7f224067bd6d 148810 11 24
0x7f224067bd64 297621 3 9
0x7f224067bd49 148811 8 27
0x7f224067bed0 148811 2 11
0x7f224067beac 0 3 14
0x7f224067bea0 148811 4 12
0x7f224067bded 148811 3 12
0x7f224067bdf9 1 4 16
0x7f224067bdd9 148811 6 20
0x7f224067bdc8 148811 5 17
0x7f224067bdbf 148811 2 9
0x7f224067be3f 148811 1 2
0x7f224067be35 297621 3 10
0x7f224067bd00 446433 10 22
0x7f224067bd16 297622 8 31
0x7f224067bd35 1 3 9
0x7f224067bd73 297622 9 18
0x7f224067bd88 1 9 42
0x7f224067bdb2 1 3 13
0x7f224067be09 1 3 11
0x7f224067be18 297621 4 16
0x7f224067be28 297621 3 13
0x7f224067c8b0 148811 3 9
0x7f224067c8a0 148812 2 5
0x7f224067c8a5 1 2 3
0x7f224067c8b9 148810 6 13
0x7f224067cd48 1 6 23
0x7f224067cc2d 1 2 9
0x7f224067cc36 1 3 13
0x7f224067cd40 1 2 8
0x7f224067cc36 0 3 13
0x7f224067cc29 0 3 13
0x7f224067cc20 1 2 9
0x7f224067cbcd 148812 2 9
0x7f224067cc89 148811 7 19
0x7f224067cbb0 148813 3 11
0x7f224067cbbb 148813 8 18
0x7f224067cbe3 1 2 10
0x7f224067cbd6 148812 3 13
0x7f224067cbed 1 6 21
0x7f224067cc02 1 2 5
0x7f224067cc07 1 2 9
0x7f224067cc10 1 5 9
0x7f224067cc43 1 12 45
0x7f224067cc70 1 2 12
0x7f224067cc7c 1 3 13
0x7f224067cc89 1 7 19
0x7f224067e0c7 1 11 29
0x7f224067e0c7 0 11 29
0x7f224067e0c3 0 2 4
0x7f224067e0b0 1 7 19
0x7f224067e152 1 4 5
0x7f224067e1a7 0 2 4
0x7f224067e110 1 2 7
0x7f224067e117 0 1 2
0x7f224067e120 1 7 13
0x7f224067e12d 0 3 10
0x7f224067e137 0 10 32
0x7f224067e160 1 8 35
0x7f224067e183 1 2 6
0x7f224067e189 1 2 5
0x7f224067e18e 0 6 25
0x7f224067e2bd 0 5 16
0x7f224067e2a9 1 6 20
0x7f224067e2a4 1 2 5
0x7f224067e2f3 1 9 18
0x7f224067e297 1 4 13
0x7f224067e281 1 5 22
0x7f224067e27c 2 2 5
0x7f224067e2cd 0 4 15
0x7f224067e2bd 0 5 16
0x7f224067e2b0 1 4 13
0x7f224067e239 1 15 45
0x7f224067e230 1 2 9
0x7f224067f920 1 9 33
0x7f224067f941 0 4 15
0x7f224067f950 0 5 14
0x7f224067f930 126 5 17
0x7f224067f941 1 4 15
0x7f224067f950 0 5 14
0x7f224067f95e 1 5 22
0x7f22406803b0 1 2 14
0x7f22406803be 0 10 28
0x7f2240680668 1 1 5
0x7f22406803da 0 10 36
0x7f2240680ad6 1 2 8
0x7f2240680a30 1 4 20
0x7f2240680a44 1 4 20
0x7f2240680a58 1 2 9
0x7f2240680a61 0 2 9
0x7f2240680a6a 0 1 2
0x7f2240680a6c 1 2 8
0x7f2240680a74 0 3 19
0x7f2240680a8e 1 4 15
0x7f2240680a9d 0 1 2
0x7f2240680a9f 1 4 26
0x7f2240680ab9 1 3 6
0x7f22406808e0 1 8 45
0x7f224068090d 0 10 51
0x7f2240680940 0 2 10
0x7f2240680ac0 1 5 22
0x7f22406809b8 1 4 20
0x7f22406809a4 1 4 20
0x7f224068097c 1 4 20
0x7f2240680990 1 4 20
0x7f22406809cc 1 4 20
0x7f22406809e0 1 4 20
0x7f22406809f4 1 4 20
0x7f2240680a08 1 4 20
0x7f2240680ade 1 3 15
0x7f2240680aed 1 1 5
0x7f224068091e 1 7 34
0x7f2240680940 0 2 10
0x7f224068094a 0 1 2
0x7f224068094c 1 2 9
0x7f2240680955 0 3 19
0x7f224068096f 1 3 13
0x7f2240680a1c 1 4 20
0x7f2240682db0 1 3 11
0x7f2240682d0a 0 5 22
0x7f2240682cd9 0 13 49
0x7f2240682ccd 1 3 12
0x7f2240682cd9 0 13 49
0x7f2240682cbd 0 7 28
0x7f2240682cb8 1 2 5
0x7f2240682c8a 0 4 24
0x7f2240682c85 1 2 5
0x7f2240682c80 1 2 5
0x7f2240682b9e 0 2 9
0x7f2240682b95 0 2 9
0x7f2240682b88 1 2 13
0x7f2240682a37 0 5 23
0x7f2240682a2f 0 2 8
0x7f2240682a15 1 5 26
0x7f2240682c70 1 2 12
0x7f2240682a07 1 2 14
0x7f22406829ed 1 6 26
0x7f22406829d5 1 6 24
0x7f22406827e8 1 9 18
0x7f2240682974 0 1 2
0x7f2240682965 1 2 15
0x7f2240682946 1 6 31
0x7f224068293c 1 2 10
0x7f2240682910 1 10 44
0x7f2240682903 1 3 13
0x7f2240682f14 0 1 5
0x7f2240682f0a 1 2 10
0x7f2240682eef 1 7 27
0x7f2240682829 0 2 10
0x7f2240682812 1 6 23
0x7f2240682800 1 3 18
0x7f22406827b2 1 23 72
0x7f224068279a 1 5 24
0x7f2240682791 1 2 9
0x7f2240682c2c 0 4 20
0x7f2240682bfd 0 9 47
0x7f2240682bd5 1 9 40
0x7f2240682e0f 1 2 12
0x7f2240682e00 1 4 15
0x7f2240682d33 0 4 16
0x7f2240682d20 1 4 19
0x7f2240682d0a 1 5 22
0x7f2240682ce8 1 9 34
0x7f224068270e 1 3 16
0x7f2240682701 1 3 13
0x7f224068271e 0 6 25
0x7f2240682980 1 7 34
0x7f22406829a2 0 7 29
0x7f22406829bf 0 5 22
0x7f2240682a50 1 8 32
0x7f2240682a70 0 12 54
0x7f2240682aa6 0 3 19
0x7f22406829bf 1 5 22
0x7f22406826e2 0 2 10
0x7f22406826dd 1 2 5
0x7f2240682695 1 18 72
0x7f2240682685 2 3 16
0x7f2240682660 2 12 37
0x7f22406826ec 0 2 8
0x7f2240683792 0 1 5
0x7f2240683784 2 3 14
0x7f2240683778 2 3 12
0x7f224068301a 4 2 13
0x7f2240683027 2 7 31
0x7f2240683046 0 2 9
0x7f22406835c0 2 17 90
0x7f22406831ca 2 6 31
0x7f22406831e9 1 14 58
0x7f2240683223 0 4 20
0x7f2240683820 1 2 14
0x7f22406831fe 1 10 37
0x7f224068334d 4 9 18
0x7f22406831c0 2 2 10
0x7f2240683120 2 33 130
0x7f22406831a2 1 3 10
0x7f22406831ac 1 3 15
0x7f2240682fab 1 6 22
0x7f2240683b2e 2 18 71
0x7f2240683b75 0 1 5
0x7f2240682f50 4 10 28
0x7f2240682f6c 4 5 20
0x7f2240682f80 4 2 8
0x7f2240683845 1 4 18
0x7f2240682f88 4 5 19
0x7f2240682f9b 4 4 16
0x7f22406838ac 1 3 15
0x7f2240683878 6 4 19
0x7f224068388b 6 3 8
0x7f2240683893 1 6 25
0x7f224068388b 4 3 8
0x7f22406831ca 2 6 31
0x7f22406831e9 2 14 58
0x7f2240683441 0 1 5
0x7f2240683893 3 6 25
0x7f22406838ac 1 3 15
0x7f22406838bb 0 2 8
0x7f2240683764 2 4 20
0x7f224068343d 0 2 4
0x7f2240683410 4 12 45
0x7f2240683406 0 2 10
0x7f22406833ea 2 8 28
0x7f22406833e1 4 2 9
0x7f224068399e 0 1 5
0x7f2240683995 4 2 9
0x7f2240683237 0 2 13
0x7f2240683223 0 4 20
0x7f2240683fa7 1 2 5
0x7f2240683fac 0 3 15
0x7f2240683fc2 1 3 13
0x7f2240683f91 1 3 14
0x7f2240683f85 1 3 12
0x7f2240683f70 1 5 21
0x7f2240684040 1 2 2
0x7f224068403d 69 1 3
0x7f224068403d 1 1 3
0x7f224068400a 1 11 54
0x7f2240684005 1 2 5
0x7f2240683fef 0 3 15
0x7f2240683feb 1 2 4
0x7f2240683fe4 0 2 5
0x7f2240683fdb 1 2 9
0x7f2240683fcf 1 3 12
0x7f2240684faf 0 1 2
0x7f224068510c 0 5 14
0x7f2240685100 1 2 12
0x7f2240684f37 0 4 16
0x7f2240684f29 1 3 14
0x7f2240684f10 1 7 25
0x7f2240685032 1 5 10
0x7f22406850d1 1 2 10
0x7f22406850c0 1 3 17
0x7f2240684f4f 3 7 31
0x7f2240684f47 3 2 8
0x7f2240684f10 1 7 25
0x7f2240684f29 1 3 14
0x7f2240684f37 0 4 16
0x7f2240685040 3 4 16
0x7f2240684f3e 3 2 9
0x7f2240684f10 1 7 25
0x7f2240684f29 0 3 14
0x7f2240684f37 0 4 16
0x7f2240685138 1 5 13
0x7f22406850db 1 3 18
0x7f22406850ed 1 3 13
0x7f22406850fa 1 3 18
0x7f2240684f7b 2 4 20
0x7f2240684f8f 2 3 12
0x7f2240684f9b 2 3 14
0x7f2240684fb1 3 2 5
0x7f2240684fb6 0 3 15
0x7f2240684fcc 3 3 11
0x7f2240684fd7 3 3 12
0x7f2240684fe3 3 2 9
0x7f2240684fa9 0 2 6
0x7f2240684f9b 1 3 14
0x7f2240684f8f 1 3 12
0x7f2240684f7b 1 4 20
0x7f2240684f6e 2 2 13
0x7f2240684f37 0 4 16
0x7f2240684f29 1 3 14
0x7f2240684f10 1 7 25
0x7f2240684fec 0 2 5
0x7f2240684ff3 3 2 4
0x7f2240684ff7 0 3 15
0x7f224068500d 3 2 5
0x7f2240685012 3 3 8
0x7f224068501a 2 3 15
0x7f2240685029 2 2 9
0x7f2240685032 2 5 10
0x7f22406851a0 1 3 14
0x7f2240685198 0 1 5
0x7f2240685180 1 5 24
0x7f22406851ae 1 3 14
0x7f22406867d9 2 5 18
0x7f22406867d0 2 2 9
0x7f22406a2f64 12 3 11
0x7f22406a2fc9 60 1 2
0x7f22406a2fb8 60 5 17
0x7f22406a2fb0 66 3 8
0x7f22406a2fcb 6 2 6
0x7f22406a2fc9 12 1 2
0x7f22406a2fb8 12 5 17
0x7f22406a2fa1 12 4 12
0x7f22406a2f83 3 2 5
0x7f22406a2f78 6 2 11
0x7f22406a2f6f 6 3 9
0x7f22406a2f48 6 2 9
0x7f22406a2f18 6 15 48
0x7f22406a2f10 6 2 8
0x7f22406a3097 3 3 10
0x7f22406a304a 2 2 5
0x7f22406a3045 3 2 5
0x7f22406a3040 3 2 5
0x7f22406a3059 0 2 5
0x7f22406a308a 0 2 9
0x7f22406a305e 0 4 10
0x7f22406a30a6 0 2 9
0x7f22406a30d1 3 15 50
0x7f22406a3002 3 6 11
0x7f22406a3054 5 2 5
0x7f22406a305e 5 4 10
0x7f22406a3068 5 3 7
0x7f22406a306f 5 6 18
0x7f22406a3054 0 2 5
0x7f22406a304f 1 2 5
0x7f22406a304a 2 2 5
0x7f22406a3140 1 1 5
0x7f22406a3137 2 2 9
0x7f22406a312e 3 2 9
0x7f22406a3097 0 3 10
0x7f22406a3093 2 2 4
0x7f22406a308a 2 2 9
0x7f22406a3081 5 2 9
0x7f22406a2f6f 9 3 9
0x7f22406a2f78 9 2 11
0x7f22406a2f83 9 2 5
0x7f22406a2f88 0 2 5
0x7f22406a2f8d 0 2 6
0x7f22406a2fb3 15 2 5
0x7f22406a2fb8 9 5 17
0x7f22406a2fc9 9 1 2
0x7f22406a2fcb 9 2 6
0x7f22406a3000 3 7 13
0x7f22406a3023 3 3 9
0x7f22406a302c 3 3 7
0x7f22406a3033 3 3 10
0x7f22406a306f 3 6 18
0x7f22406a3081 0 2 9
0x7f22406a30a1 0 2 5
0x7f22406a32c0 3 3 16
0x7f22406a32d0 3 8 15
0x7f22406a325a 0 7 31
0x7f22406a3255 3 2 5
0x7f22406a3238 3 7 29
0x7f22406a322f 3 2 9
0x7f22406a320a 3 9 37
0x7f22406a31fa 3 5 16
0x7f22406a31f3 3 2 7
0x7f22406a31c0 3 8 38
0x7f22406a3190 3 13 48
0x7f22406e9a2a 1 1 2
0x7f22406e9a22 1 2 8
0x7f22406e9a15 1 4 13
0x7f22406e9a10 1 2 5
0x7f22406ea24c 148810 1 2
0x7f22406ea244 148810 2 8
0x7f22406ea23d 148811 2 7
0x7f22406ea230 148811 4 13
0x7f22406ef9a0 2 3 9
0x7f22406ef9a9 2 3 11
0x7f22406ef9b4 2 5 17
0x7f22406ef9c5 2 1 2
0x7f22406efa27 1 3 10
0x7f22406efa31 0 2 7
0x7f22406efa31 1 2 7
0x7f22406efa38 1 2 4
0x7f22406efa3c 1 3 10
0x7f22406efa46 1 1 2
0x7f22406efa48 1 5 13
0x7f22406efa55 0 8 29
0x7f22406efa78 1 2 9
0x7f22406efa81 1 2 4
0x7f22406efa85 1 5 8
0x7f22406efa10 2 8 23
0x7f22406efa40 1 2 6
0x7f22406efa46 0 1 2
0x7f22406efa48 0 5 13
0x7f22406efa6a 1 5 8
0x7f22406f3a00 1 2 5
0x7f22406f3a05 0 3 16
0x7f22406f3a15 0 9 27
0x7f22406f39aa 1 8 25
0x7f22406f3980 1 2 9
0x7f22406f39aa 0 8 25
0x7f22406f3989 1 14 33
0x7f22406f39c3 1 2 12
0x7f22406f39cf 1 7 11
0x7f22406f8d90 1 2 5
0x7f22406f8d95 1 6 14
0x7f22406f8da3 1 4 16
0x7f22406f8db3 1 2 5
0x7f22406f8db8 1 10 34
0x7f2240734676 0 9 41
0x7f224073469f 0 2 7
0x7f2240734670 1 3 6
0x7f2240734660 1011 3 12
0x7f224073466c 1010 4 10
0x7f2240734676 911 9 41
0x7f2240734643 1 6 23
0x7f2240734634 1 3 15
0x7f2240734603 1 10 49
0x7f22407345e4 1 7 31
0x7f22407345db 1 2 9
0x7f22407345d3 1 2 8
0x7f22407345a0 1 15 51
0x7f22407346c4 615 2 10
0x7f22407346b5 2256 5 15
0x7f22407346a6 2259 4 15
0x7f22407347b3 2259 1 5
0x7f224073475f 1 9 17
0x7f2240734751 1 2 14
0x7f22407347c0 1 4 26
0x7f2240734740 0 6 31
0x7f2240734726 0 5 26
0x7f224073471d 1 2 9
0x7f224073471a 0 3 12
0x7f224073470d 1 4 13
0x7f2240734708 1 2 5
0x7f224073478a 0 2 11
0x7f22407347a8 2286 2 11
0x7f22407346e8 2286 4 17
0x7f22407346f9 1375 2 4
0x7f2240734688 1375 5 23
0x7f224073469f 0 2 7
0x7f22407346a6 0 4 15
0x7f22407346ce 615 3 13
0x7f2240734785 0 2 5
0x7f2240734779 615 3 12
0x7f22407346e4 0 5 21
0x7f22407346db 0 2 9
0x7f224075a490 297622 10 35
0x7f224075a476 0 4 13
0x7f224075a458 0 7 30
0x7f224075a440 297622 7 24
0x7f224075a4b3 297622 5 14
0x7f224075a647 1 8 28
0x7f224075a663 0 2 8
0x7f224075a680 1 2 8
0x7f224075a688 0 4 11
0x7f224075a7c5 1 6 17
0x7f224075a7d6 1 4 12
0x7f224075a630 1 7 23
0x7f224075ad20 297621 3 8
0x7f224075ad43 297621 2 6
0x7f224075ad49 0 2 10
0x7f224075ad53 0 6 24
0x7f224075ad92 297621 2 5
0x7f224075ad97 297621 2 5
0x7f224075ad9c 297621 2 5
0x7f224075ada1 148978 2 5
0x7f224075ada6 148814 1 2
0x7f224075ada8 148814 3 6
0x7f224075ade1 164 5 17
0x7f224075add4 148643 5 13
0x7f2254ed3cc0 6 1 6
0x7f2254ed3cc0 12 1 6
0x7f2254ed3cd0 7 1 6
0x7f2254ed3cd0 2 1 6
0x7f2254ed3d00 2 1 6
0x7f2254ed3d20 1 5 29
0x7f2254ed3d3d 1 4 18
0x7f2254ed3d4f 1 7 36
0x7f2254ed3d73 0 5 31
0x7f2254ed3d92 1 5 17
0x7f2254ed3da3 1 2 10
0x7f2254ed3dad 0 5 17
0x7f2254ed3db8 3 2 6
0x7f2254ed3d9b 4 3 8
0x7f2254ed3da3 3 2 10
0x7f2254ed3dad 1 5 17
0x7f2254ed3dbe 1 2 5
0x7f2254ed3dc3 0 5 31
0x7f2254ed3de2 1 1 5
0x7f2254ed3de7 1 1 5
0x7f2254ed3dec 1 3 8
0x7f2254ed3df4 0 5 22
0x7f2254ed3e16 1 7 30
0x7f2254ed3e34 1 2 4
0x7f2254ed3e38 0 6 29
0x7f2254ed3e6c 1 3 5
0x7f2254ed3e61 1 2 9
0x7f2254ed3ea0 1 2 8
0x7f2254ed3ea8 1 14 50
0x7f2254ed3eda 1 3 13
0x7f2254ed3ef0 1 2 5
0x7f2254ed3ef0 3 2 5
0x7f2254ed3f00 1 2 5
0x7f2254ed3f00 3 2 5
0x7f2254ed4af0 1 6 24
0x7f2254ed4b08 1 2 4
0x7f2254ed4b0c 0 3 6
0x7f2254ed4b12 0 2 2
0x7f2254ed4b12 1 2 2
0x7f2254ed4eb8 1 11 46
0x7f2254ed4ea1 1 4 23
0x7f2254ed4e93 1 2 14
0x7f2254ed4e80 32 6 19
0x7f2254ed4e70 32 4 16
0x7f2254ed4e80 1 6 19
0x7f2254ed4e6c 1 5 20
0x7f2254ed4e2f 1 15 61
0x7f2254ed4e1e 1 5 17
0x7f2254ed4df9 1 9 37
0x7f2254ed4df0 1 2 9
0x7f2254ed4d37 0 2 14
0x7f2254ed4db8 1 9 38
0x7f2254ed4dde 1 9 18
0x7f2254ed4d58 1 17 96
0x7f2254ed4d45 1 3 19
0x7f2254ed4f23 6 3 9
0x7f2254ed4f19 6 3 10
0x7f2254ed4f09 6 3 16
0x7f2254ed4eed 6 6 28
0x7f2254ed4ee6 6 3 7
0x7f2254ed4ec0 6 10 38
0x7f2254ed4f75 1 1 5
0x7f2254ed4f68 7 3 13
0x7f2254ed4f80 7 3 9
0x7f2254ed4f23 1 3 9
0x7f2254ed4f19 1 3 10
0x7f2254ed4f09 1 3 16
0x7f2254ed4eed 1 6 28
0x7f2254ed4ee6 1 3 7
0x7f2254ed4bf1 0 4 12
0x7f2254ed4c55 1 4 16
0x7f2254ed4c45 1 4 16
0x7f2254ed4c35 1 4 16
0x7f2254ed4c29 1 3 12
0x7f2254ed4c20 1 2 9
0x7f2254ed4bf1 3 4 12
0x7f2254ed4beb 4 2 6
0x7f2254ed4bd0 5 8 27
0x7f2254ed4bf1 0 4 12
0x7f2254ed4beb 1 2 6
0x7f2254ed4bdf 1 4 12
0x7f2254ed4fd0 1 3 12
0x7f2254ed4fc0 1 4 16
0x7f2254ed4f40 0 3 12
0x7f2254ed4f30 1 4 16
0x7f2254ed4c20 0 2 9
0x7f2254ed4c0b 0 7 21
0x7f2254ed4bfd 1 4 14
0x7f2254ed4bfd 0 4 14
0x7f2254ed4bf1 3 4 12
0x7f2254ed4beb 14 2 6
0x7f2254ed4bdb 14 5 16
0x7f2254ed4d2e 1 2 9
0x7f2254ed4d20 1 2 14
0x7f2254ed4d12 1 2 14
0x7f2254ed4d04 1 2 14
0x7f2254ed4cf8 1 3 12
0x7f2254ed4cea 1 2 14
0x7f2254ed4cde 1 3 12
0x7f2254ed4ccc 1 3 18
0x7f2254ed4cc0 1 3 12
0x7f2254ed4cb5 1 2 11
0x7f2254ed4ca5 1 4 16
0x7f2254ed4c95 1 4 16
0x7f2254ed4beb 1 2 6
0x7f2254ed4b85 1 11 65
0x7f2254ed4b30 1 22 85
0x7f2254ed4c85 1 4 16
0x7f2254ed4c75 1 4 16
0x7f2254ed4c65 1 4 16
0x7f2254ed6137 1 2 7
0x7f2254ed60fa 1 12 50
0x7f2254ed60c2 1 14 56
0x7f2254ed60b6 1 3 12
0x7f2254ed60c2 0 14 56
0x7f2254ed608a 0 14 56
0x7f2254ed607e 1 3 12
0x7f2254ed6023 1 14 50
0x7f2254ed5f26 1 4 12
0x7f2254ed5c08 1 4 24
0x7f2254ed5ff1 1 14 50
0x7f2254ed5fe8 1 3 9
0x7f2254ed5ff1 0 14 50
0x7f2254ed5fbf 0 14 50
0x7f2254ed5fb6 1 3 9
0x7f2254ed5f44 1 9 42
0x7f2254ed5f3b 1 3 9
0x7f2254ed5ba2 0 3 12
0x7f2254ed5b94 1 2 14
0x7f2254ed5ba2 1 3 12
0x7f2254ed5f32 1 2 9
0x7f2254ed5f3b 0 3 9
0x7f2254ed5f32 0 2 9
0x7f2254ed66eb 1 4 16
0x7f2254ed66db 1 4 16
0x7f2254ed5bae 1 8 40
0x7f2254ed5bda 1 6 46
0x7f2254ed5bd6 1 2 4
0x7f2254ed623a 1 4 14
0x7f2254ed6248 1 6 21
0x7f2254ed625d 1 2 11
0x7f2254ed6268 1 2 10
0x7f2254ed6272 1 8 48
0x7f2254ed6ab9 1 9 36
0x7f2254ed6add 1 9 37
0x7f2254ed6b02 0 6 30
0x7f2254ed6aef 2 5 19
0x7f2254ed6b02 1 6 30
0x7f2254ed6b20 1 3 13
0x7f2254ed6b2d 1 4 24
0x7f2254ed6b45 1 3 11
0x7f2254ed6b65 1 3 7
0x7f2254ed6b6c 0 1 2
0x7f2254ed6b50 1 4 21
0x7f2254ed6b65 0 3 7
0x7f2254ed613e 0 3 18
0x7f2254ed6150 0 3 12
0x7f2254ed6150 1 3 12
0x7f2254ed615c 1 4 15
0x7f2254ed616b 1 3 12
0x7f2254ed617e 1 2 5
0x7f2254ed6183 0 4 19
0x7f2254ed6196 0 5 25
0x7f2254ed618a 1 3 12
0x7f2254ed6196 0 5 25
0x7f2254ed61af 0 2 5
0x7f2254ed61c2 1 2 10
0x7f2254ed61cc 0 3 19
0x7f2254ed61d7 1 2 8
0x7f2254ed61df 1 9 50
0x7f2254ed6211 1 5 20
0x7f2254ed6225 1 3 12
0x7f2254ed6231 1 2 9
0x7f2254ed5e62 2 4 13
0x7f2254ed5e59 2 2 9
0x7f2254ed5e50 3 2 9
0x7f2254ed5e9a 0 10 47
0x7f2254ed5e76 0 9 36
0x7f2254ed5e6f 3 3 7
0x7f2254ed5e43 1 2 4
0x7f2254ed5e1e 1 8 37
0x7f2254ed5e12 1 3 12
0x7f2254ed5df6 1 7 28
0x7f2254ed5de8 1 2 14
0x7f2254ed5ddb 1 2 13
0x7f2254ed5dd3 1 2 8
0x7f2254ed5dc8 0 3 19
0x7f2254ed5dbe 1 2 10
0x7f2254ed5dab 0 2 5
0x7f2254ed5d91 0 5 26
0x7f2254ed5f17 3 8 27
0x7f2254ed5f07 4 4 16
0x7f2254ed5f01 11 2 6
0x7f2254ed5f3b 0 3 9
0x7f2254ed5f32 0 2 9
0x7f2254ed5f22 8 5 16
0x7f2254ed5ed5 1 8 50
0x7f2254ed5ec9 1 4 12
0x7f2254ed5e9a 1 10 47
0x7f2254ed5e76 1 9 36
0x7f2254ed5e6f 1 3 7
0x7f2254ed5e62 1 4 13
0x7f2254ed5fa8 1 2 12
0x7f2254ed5f9b 1 2 13
0x7f2254ed5f8a 1 3 17
0x7f2254ed5f7a 1 4 16
0x7f2254ed5f70 1 3 10
0x7f2254ed6313 1 4 10
0x7f2254ed5c88 3 8 25
0x7f2254ed5c78 4 4 16
0x7f2254ed5c72 23 2 6
0x7f2254ed5ca9 0 3 9
0x7f2254ed5ca1 0 3 8
0x7f2254ed5c91 20 5 16
0x7f2254ed5c88 0 8 25
0x7f2254ed5c78 0 4 16
0x7f2254ed5c42 1 9 54
0x7f2254ed636e 1 4 10
0x7f2254ed6378 0 4 14
0x7f2254ed6386 1 4 16
0x7f2254ed6396 0 4 16
0x7f2254ed5c36 1 4 12
0x7f2254ed5c29 1 3 13
0x7f2254ed5c20 1 2 9
0x7f2254ed5d85 1 3 12
0x7f2254ed5d56 0 4 16
0x7f2254ed5d4a 1 3 12
0x7f2254ed5d38 1 3 18
0x7f2254ed5d31 1 2 7
0x7f2254ed5d26 1 2 11
0x7f2254ed5d1a 1 3 12
0x7f2254ed5cb2 0 4 13
0x7f2254ed5ca9 0 3 9
0x7f2254ed5ca1 1 3 8
0x7f2254ed5ca9 0 3 9
0x7f2254ed5ca1 0 3 8
0x7f2254ed5c95 1 4 12
0x7f2254ed6690 1 4 16
0x7f2254ed6680 1 4 16
0x7f2254ed633a 0 4 16
0x7f2254ed632a 1 4 16
0x7f2254ed631d 0 4 13
0x7f2254ed5ac2 8 3 11
0x7f2254ed5acd 8 1 2
0x7f2254ed5a9a 5 2 9
0x7f2254ed5aa3 4 2 9
0x7f2254ed5aac 3 2 9
0x7f2254ed6515 1 6 31
0x7f2254ed6534 1 2 11
0x7f2254ed654f 2 7 25
0x7f2254ed6568 1 5 23
0x7f2254ed657f 1 3 17
0x7f2254ed6590 1 2 13
0x7f2254ed659d 1 2 12
0x7f2254ed656f 1 4 16
0x7f2254ed657f 1 3 17
0x7f2254ed6ef8 0 8 31
0x7f2254ed6f17 1 2 10
0x7f2254ed6fe3 0 6 22
0x7f2254ed6fda 1 2 9
0x7f2254ed6fc3 1 4 23
0x7f2254ed6fb5 1 2 14
0x7f2254ed6fa8 1 2 13
0x7f2254ed704f 0 1 5
0x7f2254ed702a 1 9 37
0x7f2254ed6f32 1 1 2
0x7f2254ed6f2a 1 2 8
0x7f2254ed6f21 1 2 9
0x7f2254ed6f17 2 2 10
0x7f2254ed6ef8 2 8 31
0x7f2254ed6ee7 2 3 17
0x7f2254ed6ec4 2 8 35
0x7f2254ed6ebb 3 2 9
0x7f2254ed6f2a 0 2 8
0x7f2254ed6f21 0 2 9
0x7f2254ed52b1 0 3 7
0x7f2254ed52aa 0 3 7
0x7f2254ed529e 1 3 12
0x7f2254ed51f0 1 34 174
0x7f2254ed6ee7 1 3 17
0x7f2254ed6f94 0 1 2
0x7f2254ed6f80 1 4 20
0x7f2254ed6ee7 0 3 17
0x7f2254ed6ec4 1 8 35
0x7f2254ed6e90 1 12 52
0x7f2254ed7239 0 1 5
0x7f2254ed7200 1 8 57
0x7f2254ed6c5c 1 3 16
0x7f2254ed6c1b 1 10 65
0x7f2254ed6c0f 1 3 12
0x7f2254ed6bf3 1 4 23
0x7f2254ed6c0a 1 1 5
0x7f2254ed5ab5 9 3 13
0x7f2254ed6496 1 4 15
0x7f2254ed5acf 0 2 12
0x7f2254ed5acd 0 1 2
0x7f2254ed5ac2 1 3 11
0x7f2254ed5a7a 1 7 32
0x7f2254ed5a30 1 11 74
0x7f2254ed5a23 1 2 13
0x7f2254ed59f8 1 8 43
0x7f2254ed59ec 1 3 12
0x7f2254ed59d0 1 7 28
0x7f2254ed5664 0 6 28
0x7f2254ed563a 0 8 42
0x7f2254ed5629 1 3 17
0x7f2254ed5620 0 2 9
0x7f2254ed5616 1 3 10
0x7f2254ed5608 1 3 14
0x7f2254ed5b74 0 3 21
0x7f2254ed5b6a 1 2 10
0x7f2254ed5b74 0 3 21
0x7f2254ed5b60 0 4 20
0x7f2254ed5b54 1 3 12
0x7f2254ed64a5 1 5 27
0x7f2254ed64c0 1 3 14
0x7f2254ed62bb 1 3 17
0x7f2254ed6848 1 2 12
0x7f2254ed6854 1 3 14
0x7f2254ed6862 1 4 24
0x7f2254ed687a 1 14 79
0x7f2254ed68c9 1 7 33
0x7f2254ed68ea 1 2 14
0x7f2254ed68f8 1 9 48
0x7f2254ed6943 1 2 5
0x7f2254ed6948 0 1 2
0x7f2254ed6b6c 0 1 2
0x7f2254ed76a7 1 5 27
0x7f2254ed76c2 1 4 9
0x7f2254ed76cb 0 5 23
0x7f2254ed76cf 1 4 19
0x7f2254ed76e2 1 2 6
0x7f2254ed76e8 0 2 5
0x7f2254ed76f4 1 4 24
0x7f2254ed770c 1 5 27
0x7f2254ed7727 0 2 10
0x7f2254ed7b6e 1 2 12
0x7f2254ed6bb6 1 11 61
0x7f2254ed62a2 1 3 11
0x7f2254ed62ad 1 3 14
0x7f2254ed5b89 0 3 25
0x7f2254ed5b7f 1 2 10
0x7f2254ed5b89 0 3 25
0x7f2254ed6a21 1 4 15
0x7f2254ed6a5e 1 3 17
0x7f2254ed6a6f 1 2 8
0x7f2254ed6a77 1 5 21
0x7f2254ed6a8c 1 13 45
0x7f2254ed653f 1 4 16
0x7f2254ed6590 0 2 13
0x7f2254ed70e7 1 8 15
0x7f2254ed70e1 1 2 6
0x7f2254ed70d2 1 3 15
0x7f2254ed70c9 1 3 9
0x7f2254ed70c0 1 2 9
0x7f2254ed70a6 1 7 26
0x7f2254ed707a 1 11 44
0x7f2254ed7071 1 2 9
0x7f2254ed706d 1 2 4
0x7f2254ed7059 1 3 20
0x7f2254ed6930 1 5 19
0x7f2254ed6943 0 2 5
0x7f2254ed6948 0 1 2
0x7f2254ed6957 1 6 32
0x7f2254ed6977 0 1 5
0x7f2254ed6983 1 4 24
0x7f2254ed699b 1 4 26
0x7f2254ed69b5 1 1 5
0x7f2254ed5ae7 1 2 5
0x7f2254ed5adb 2 2 12
0x7f2254ed5acf 3 2 12
0x7f2254ed69ba 1 4 19
0x7f2254ed69cd 1 5 23
0x7f2254ed69e4 0 5 30
0x7f2254ed69ef 1 3 19
0x7f2254ed6a02 1 3 14
0x7f2254ed6a10 1 3 17
0x7f2254ed8e81 1 7 33
0x7f2254ed8e61 1 5 32
0x7f2254ed8df9 1 18 104
0x7f2254ed8de3 1 4 22
0x7f2254ed8dd0 1 4 19
0x7f2254ed8ce0 1 5 29
0x7f2254ed8d00 1 3 17
0x7f2254ed8bcd 1 1 2
0x7f2254ed8bc4 1 3 9
0x7f2254ed8b97 1 8 45
0x7f2254ed8cc3 1 3 19
0x7f2254ed8cb7 1 2 12
0x7f2254ed8c92 1 7 37
0x7f2254ed8f60 1 4 19
0x7f2254ed8c87 0 8 48
0x7f2254ed8c66 1 6 33
0x7f2254ed8c58 1 3 14
0x7f2254ed8b8e 2 2 9
0x7f2254ed8b83 3 2 11
0x7f2254ed8f90 1 12 42
0x7f2254ed8ee5 0 6 24
0x7f2254ed8ed2 1 4 19
0x7f2254ed8ec4 1 2 14
0x7f2254ed8ed2 0 4 19
0x7f2254ed8eb5 0 5 29
0x7f2254ed8eac 1 2 9
0x7f2254ed8f53 0 2 12
0x7f2254ed8f42 1 3 17
0x7f2254ed8f16 1 9 44
0x7f2254ed8efd 1 6 25
0x7f2254ed8ee5 2 6 24
0x7f2254ed8ed2 1 4 19
0x7f2254ed8eb5 1 5 29
0x7f2254ed8ea2 1 4 19
0x7f2254ed908f 0 2 12
0x7f2254ed9080 1 3 15
0x7f2254ed9050 1 10 48
0x7f2254ed8ea2 0 4 19
0x7f2254ed8a91 1 15 77
0x7f2254ed8a85 1 3 12
0x7f2254ed8a5d 1 8 40
0x7f2254ed8a54 1 2 9
0x7f2254ed8a42 1 4 18
0x7f2254ed8a35 1 2 13
0x7f2254ed8a23 1 4 18
0x7f2254ed8a18 1 2 11
0x7f2254ed89c2 2 2 9
0x7f2254ed89b9 2 2 9
0x7f2254ed89b0 3 3 9
0x7f2254ed89cb 0 3 16
0x7f2254ed89c2 1 2 9
0x7f2254ed89b9 1 2 9
0x7f2254ed89a9 0 1 2
0x7f2254ed8978 1 10 49
0x7f2254ed8970 1 2 8
0x7f2254ed8956 1 5 26
0x7f2254ed8910 1 18 70
0x7f2254ed8b78 4 2 11
0x7f2254ed8d95 1 15 58
0x7f2254ed8da5 1 11 42
0x7f2254ed8d4e 2 20 71
0x7f2254ed8d31 2 7 29
0x7f2254ed8d18 2 5 25
0x7f2254ed8bdd 1 6 27
0x7f2254ed8bd8 3 2 5
0x7f2254ed8bcf 5 2 9
0x7f2254ed8bcd 8 1 2
0x7f2254ed8bc4 8 3 9
0x7f2254ed8ba0 9 7 36
0x7f2254ed8c40 1 3 17
0x7f2254ed8bcf 0 2 9
0x7f2254ed8bcd 0 1 2
0x7f2254ed8bc4 1 3 9
0x7f2254ed8b45 1 10 46
0x7f2254ed8b0e 1 11 55
0x7f2254ed8b02 1 2 12
0x7f2254ed8ade 1 8 36
0x7f2254ed93cb 0 3 11
0x7f2254ed93c6 1 2 5
0x7f2254ed93cb 0 3 11
0x7f2254ed93bb 0 3 16
0x7f2254ed93b1 1 2 10
0x7f2254ed96b7 1 3 19
0x7f2254ed93a8 1 2 9
0x7f2254ed938d 1 6 27
0x7f2254ed937d 1 3 16
0x7f2254ed96ca 1 2 12
0x7f2254ed938d 0 6 27
0x7f2254ed937d 0 3 16
0x7f2254ed9374 1 2 9
0x7f2254ed937d 0 3 16
0x7f2254ed936d 0 3 16
0x7f2254ed9368 1 2 5
0x7f2254ed9352 1 4 15
0x7f2254ed9346 1 3 12
0x7f2254ed9334 1 3 18
0x7f2254ed8a02 1 9 18
0x7f2254ed94f9 0 6 23
0x7f2254ed94d5 0 7 36
0x7f2254ed94c7 1 3 14
0x7f2254ed94bb 1 3 12
0x7f2254ed94ad 1 2 14
0x7f2254ed948a 1 5 35
0x7f2254ed947a 1 2 9
0x7f2254ed946c 1 2 14
0x7f2254ed9466 1 2 6
0x7f2254ed945e 1 2 8
0x7f2254ed943d 1 6 33
0x7f2254ed9430 1 2 13
0x7f2254ed9428 1 2 8
0x7f2254ed9413 1 4 21
0x7f2254ed9407 1 3 12
0x7f2254ed93e6 1 7 33
0x7f2254ed93d6 1 3 16
0x7f2254ed93d6 0 3 16
0x7f2254ed957c 1 4 16
0x7f2254ed921d 0 4 11
0x7f2254ed920f 1 4 14
0x7f2254ed9203 3 4 12
0x7f2254ed91fd 18 2 6
0x7f2254ed91e9 18 5 20
0x7f2254ed920f 0 4 14
0x7f2254ed9203 0 4 12
0x7f2254ed91fd 1 2 6
0x7f2254ed91af 1 7 42
0x7f2254ed919f 1 4 16
0x7f2254ed918c 1 5 19
0x7f2254ed9178 1 4 20
0x7f2254ed9044 0 2 12
0x7f2254ed9033 1 3 17
0x7f2254ed900a 1 9 41
0x7f2254ed8fec 1 5 30
0x7f2254ed8fc7 1 8 37
0x7f2254ed8fba 1 2 13
0x7f2254ed932d 1 2 7
0x7f2254ed9322 1 2 11
0x7f2254ed9312 1 4 16
0x7f2254ed9302 1 4 16
0x7f2254ed92f2 1 4 16
0x7f2254ed92e2 1 4 16
0x7f2254ed92d5 1 4 13
0x7f2254ed92c8 1 4 13
0x7f2254ed92bb 1 4 13
0x7f2254ed92ae 1 4 13
0x7f2254ed92a5 1 3 9
0x7f2254ed92a0 1 2 5
0x7f2254ed9203 5 4 12
0x7f2254ed91fd 6 2 6
0x7f2254ed91e0 7 8 29
0x7f2254ed9203 0 4 12
0x7f2254ed91fd 1 2 6
0x7f2254ed91ed 1 4 16
0x7f2254ed959c 1 5 26
0x7f2254ed958c 1 4 16
0x7f2254ed9c40 1 17 47
0x7f2254ed9c6f 0 2 8
0x7f2254ed9c77 0 4 16
0x7f2254ed9c77 1 4 16
0x7f2254ed9c87 1 3 12
0x7f2254ed9c93 1 10 47
0x7f2254ed9dc4 1 4 16
0x7f2254ed9dd4 1 2 5
0x7f2254ed9dfc 1 2 7
0x7f2254ed9e03 0 3 10
0x7f2254ed9e0d 0 2 7
0x7f2254ed9de0 5 6 28
0x7f2254ed9dfc 5 2 7
0x7f2254ed9e03 1 3 10
0x7f2254ed9e0d 1 2 7
0x7f2254ed9e14 1 4 17
0x7f2254ed9e25 1 8 37
0x7f2254eda000 1 10 41
0x7f2254eda029 1 3 11
0x7f2254ed9e30 1 6 26
0x7f2254ed9e4a 1 2 9
0x7f2254ed9e53 1 10 37
0x7f2254ed9e78 1 3 10
0x7f2254ed9e82 0 2 4
0x7f2254ed9e86 0 1 5
0x7f2254ed9efe 1 9 18
0x7f2254ed9cc2 1 2 9
0x7f2254ed9ccb 1 4 12
0x7f2254ed9cd7 1 2 10
0x7f2254ed9ce1 1 3 17
0x7f2254ed9cf2 0 3 12
0x7f2254ed9cfe 0 3 11
0x7f2254ed9fc0 1 2 13
0x7f2254ed9fcd 0 1 5
0x7f2254ed9cf2 1 3 12
0x7f2254ed9cfe 1 3 11
0x7f2254ed9d9c 1 9 40
0x7f2254ed9d91 1 2 11
0x7f2254ed9d87 1 2 10
0x7f2254ed9d76 1 4 17
0x7f2254ed9d6f 1 2 7
0x7f2254ed9d62 1 3 13
0x7f2254ed9d55 1 3 13
0x7f2254ed9d48 1 3 13
0x7f2254ed9d09 0 2 13
0x7f2254edb470 1 11 54
0x7f2254edb460 1 3 16
0x7f2254edb44f 1 3 17
0x7f2254edb420 1 12 47
0x7f2254edb4a6 1 3 12
0x7f2254edb4b2 1 11 68
0x7f2254edb4f6 1 6 27
0x7f2254edb500 7 4 17
0x7f2254edb511 1 14 64
0x7f2254edb551 0 6 38
0x7f2254edb540 7 4 17
0x7f2254edb551 1 6 38
0x7f2254edb577 1 4 18
0x7f2254edb589 1 3 12
0x7f2254edb595 0 7 34
0x7f2254edb5f0 1 5 30
0x7f2254edb60e 0 7 34
0x7f2254edb720 1 2 12
0x7f2254edb5d8 0 8 24
0x7f2254edb5d8 1 8 24
0x7f2254edb5d1 0 2 7
0x7f2254edb5cc 1 2 5
0x7f2254edc035 0 3 12
0x7f2254edc028 0 3 13
0x7f2254edc01c 1 3 12
0x7f2254edc041 0 6 28
0x7f2254edc035 0 3 12
0x7f2254edc028 1 3 13
0x7f2254edbfa2 1 13 56
0x7f2254edbb0b 1 2 15
0x7f2254edb800 2 11 34
0x7f2254edb822 2 4 23
0x7f2254edb839 2 8 26
0x7f2254edb86d 2 7 21
0x7f2254edb882 2 3 11
0x7f2254edbb02 1 2 9
0x7f2254edbaef 1 4 19
0x7f2254edbae0 1 3 15
0x7f2254edb950 0 4 13
0x7f2254edb947 0 2 9
0x7f2254edb93e 1 2 9
0x7f2254edb923 1 5 27
0x7f2254edb915 1 3 14
0x7f2254edb8f8 1 6 29
0x7f2254edb8c7 0 4 17
0x7f2254edb8c3 2 2 4
0x7f2254edb8a7 2 7 28
0x7f2254edb882 3 3 11
0x7f2254edb86d 3 7 21
0x7f2254edb860 4 3 13
0x7f2254edb89b 4 3 12
0x7f2254edb891 4 2 10
0x7f2254edb88d 5 2 4
0x7f2254edbd23 1 11 43
0x7f2254edbd14 1 2 15
0x7f2254edbd0b 1 2 9
0x7f2254edbd03 1 3 8
0x7f2254edbd4e 1 6 16
0x7f2254edbd5e 1 2 10
0x7f2254edbbcc 1 2 13
0x7f2254edbbd9 1 7 29
0x7f2254edbbf6 0 1 2
0x7f2254edb9ac 1 14 53
0x7f2254edb8e0 2 9 21
0x7f2254edb9e1 1 3 12
0x7f2254edbcfb 1 2 8
0x7f2254edbceb 1 3 16
0x7f2254edbcd5 1 3 22
0x7f2254edbb8c 0 12 49
0x7f2254edbe4b 1 3 13
0x7f2254edbb7b 0 3 17
0x7f2254edbb69 1 3 18
0x7f2254edc1b7 0 1 5
0x7f2254edbe34 1 6 23
0x7f2254edbe28 1 2 12
0x7f2254edbeb6 1 2 14
0x7f2254edbec4 0 2 9
0x7f2254edc089 0 1 5
0x7f2254edc07b 0 2 14
0x7f2254edc06c 1 4 15
0x7f2254edc1ae 1 2 9
0x7f2254edbecd 0 9 46
0x7f2254edc4ac 2 3 16
0x7f2254edc496 2 5 22
0x7f2254edc496 0 5 22
0x7f2254edc48e 0 2 8
0x7f2254edc470 2 10 30
0x7f2254edc536 86 7 14
0x7f2254edc5ec 86 1 5
0x7f2254edc5e4 86 2 8
0x7f2254edc5d8 86 3 12
0x7f2254edc4fb 68 10 47
0x7f2254edc4f2 68 2 9
0x7f2254edc4e5 68 3 13
0x7f2254edc5d8 2 3 12
0x7f2254edc530 0 2 6
0x7f2254edc52a 0 2 6
0x7f2254edc530 0 2 6
0x7f2254edc52a 0 2 6
0x7f2254edc4fb 18 10 47
0x7f2254edc4f2 18 2 9
0x7f2254edc4e5 18 3 13
0x7f2254edc4dd 18 2 8
0x7f2254edc4d0 18 3 13
0x7f2254edc536 2 7 14
0x7f2254edc5ec 2 1 5
0x7f2254edc5e4 2 2 8
0x7f2254edc4fb 2 10 47
0x7f2254edc4f2 2 2 9
0x7f2254edc4e5 2 3 13
0x7f2254edc4dd 2 2 8
0x7f2254edc4d0 2 3 13
0x7f2254edc4bc 2 7 20
0x7f2254edc470 86 10 30
0x7f2254edc48e 0 2 8
0x7f2254edc496 0 5 22
0x7f2254edc496 86 5 22
0x7f2254edc4ac 86 3 16
0x7f2254edc4bc 86 7 20
0x7f2254edc8af 2 5 16
0x7f2254edc8bf 2 4 16
0x7f2254edc8cf 2 2 8
0x7f2254edc8d7 2 2 8
0x7f2254edc8df 0 3 11
0x7f2254edc9fe 2 12 32
0x7f2254edcc69 0 1 5
0x7f2254edcc58 0 4 17
0x7f2254edcc4d 1 2 11
0x7f2254edcdbf 1 6 34
0x7f2254edc74e 0 2 9
0x7f2254edc745 0 2 9
0x7f2254edc73a 15 4 11
0x7f2254edc72d 15 4 13
0x7f2254edc716 15 4 23
0x7f2254edc70e 15 2 8
0x7f2254edc706 15 2 8
0x7f2254edc600 88 24 96
0x7f2254edc72d 88 4 13
0x7f2254edc73a 88 4 11
0x7f2254edc745 0 2 9
0x7f2254edc74e 182 2 9
0x7f2254edc757 182 2 13
0x7f2254edc72d 2 4 13
0x7f2254edc73a 2 4 11
0x7f2254edc745 0 2 9
0x7f2254edc74e 4 2 9
0x7f2254edc757 4 2 13
0x7f2254edc764 0 4 13
0x7f2254edc660 4 3 14
0x7f2254edc66e 4 11 59
0x7f2254edc6a9 4 15 56
0x7f2254edc6e1 2 3 16
0x7f2254edc6f1 2 2 4
0x7f2254edc6f5 2 4 17
0x7f2254edc706 2 2 8
0x7f2254edc600 2 24 96
0x7f2254edc9d4 2 3 13
0x7f2254edc9e1 0 2 5
0x7f2254edc8f0 2 9 17
0x7f2254edc9fe 11 12 32
0x7f2254edc9f0 11 3 14
0x7f2254edd0ad 2 8 40
0x7f2254edc70e 2 2 8
0x7f2254edc716 2 4 23
0x7f2254edc8a0 2 2 15
0x7f2254edc968 2 3 13
0x7f2254edc983 0 20 81
0x7f2254edc975 2 5 14
0x7f2254edc922 2 14 66
0x7f2254edc908 2 7 26
0x7f2254edc74e 0 2 9
0x7f2254edc9fe 75 12 32
0x7f2254edc8df 0 3 11
0x7f2254edc8d7 75 2 8
0x7f2254edc8cf 75 2 8
0x7f2254edc8bf 86 4 16
0x7f2254edc8af 86 5 16
0x7f2254edc8a0 86 2 15
0x7f2254edd0ad 86 8 40
0x7f2254edc9e1 0 2 5
0x7f2254edc9d4 86 3 13
0x7f2254edc983 57 20 81
0x7f2254edc745 0 2 9
0x7f2254edc73a 2 4 11
0x7f2254edc72d 2 4 13
0x7f2254edc764 0 4 13
0x7f2254edc660 182 3 14
0x7f2254edc66e 182 11 59
0x7f2254edc6a9 182 15 56
0x7f2254edc6e1 96 3 16
0x7f2254edc6f1 90 2 4
0x7f2254edc6f5 90 4 17
0x7f2254edc720 81 3 13
0x7f2254edc72d 79 4 13
0x7f2254edc73a 79 4 11
0x7f2254edc908 87 7 26
0x7f2254edc922 87 14 66
0x7f2254edc975 2 5 14
0x7f2254edc983 2 20 81
0x7f2254edc975 89 5 14
0x7f2254edc968 90 3 13
0x7f2254edc983 29 20 81
0x7f2254edc975 87 5 14
0x7f2254edd2df 2 3 9
0x7f2254edd2f9 2 2 5
0x7f2254edd2e8 2 3 17
0x7f2254edd2fe 2 4 11
0x7f2254edd309 2 6 28
0x7f2254edd325 2 3 15
0x7f2254edd334 2 4 25
0x7f2254edd34d 2 10 21
0x7f2254edd2ac 2 13 51
0x7f2254edd255 2 8 50
0x7f2254edd249 2 3 12
0x7f2254edd236 2 4 19
0x7f2254edd229 2 2 13
0x7f2254edd1f8 2 8 49
0x7f2254edd1e0 10 8 24
0x7f2254edd1f8 0 8 49
0x7f2254edd1d5 2 11 35
0x7f2254edd190 2 18 69
0x7f2254edd1f8 0 8 49
0x7f2254edd1d5 4 11 35
0x7f2254edd190 4 18 69
0x7f2254edd290 2 1 2
0x7f2254edd8dc 1 2 16
0x7f2254edd190 84 18 69
0x7f2254edd1d5 84 11 35
0x7f2254edd1f8 0 8 49
0x7f2254edd1e0 1099 8 24
0x7f2254edd1f8 88 8 49
0x7f2254edd229 86 2 13
0x7f2254edd236 88 4 19
0x7f2254edd249 88 3 12
0x7f2254edd255 88 8 50
0x7f2254edd2ac 88 13 51
0x7f2254edd34d 86 10 21
0x7f2254edd334 86 4 25
0x7f2254edd325 86 3 15
0x7f2254edd309 86 6 28
0x7f2254edd2fe 86 4 11
0x7f2254edd2f9 86 2 5
0x7f2254edd2e8 86 3 17
0x7f2254edd2df 88 3 9
0x7f2254edd350 2 9 18
0x7f2254edd6e0 2 3 15
0x7f2254edd48c 0 2 13
0x7f2254edd47d 2 4 15
0x7f2254edd478 2 2 5
0x7f2254edd2fe 0 4 11
0x7f2254edd2f9 0 2 5
0x7f2254edd2eb 2 2 14
0x7f2254edd2ac 0 13 51
0x7f2254edd29b 2 6 17
0x7f2254edd29b 0 6 17
0x7f2254edd292 0 2 9
0x7f2254ede387 1 12 55
0x7f2254ede36c 1 8 27
0x7f2254ede360 1 3 12
0x7f2254ede387 3 12 55
0x7f2254ede36c 3 8 27
0x7f2254ede360 3 3 12
0x7f2254ede410 1 8 30
0x7f2254ede42e 1 6 19
0x7f2254ede441 0 1 2
0x7f2254ede44b 1 3 9
0x7f2254ede454 0 14 65
0x7f2254ede448 2 4 12
0x7f2254ede44b 1 3 9
0x7f2254ede454 1 14 65
0x7f2254ede454 1 14 65
0x7f2254ede410 2 8 30
0x7f2254ede42e 2 6 19
0x7f2254ede441 1 1 2
0x7f2254ede498 1 2 5
0x7f2254ede45d 1 12 56
0x7f2254ede4d1 1 15 64
0x7f2254ede4a0 1 16 49
0x7f2254ede727 1 3 16
0x7f2254ede628 1 2 8
0x7f2254ede611 1 5 23
0x7f2254ede5dc 1 9 53
0x7f2254ede737 1 2 11
0x7f2254ede742 0 2 12
0x7f2254ede7e0 1 2 12
0x7f2254ede64e 1 6 31
0x7f2254ede66d 0 3 13
0x7f2254ede511 1 3 12
0x7f2254ede51d 1 12 59
0x7f2254ede5a4 1 4 16
0x7f2254ede558 1 16 76
0x7f2254ede710 1 2 15
0x7f2254ede5b4 0 9 40
0x7f2254ede5a4 0 4 16
0x7f2254ede7f8 1 4 11
0x7f2254ede6f2 1 10 25
0x7f2254ede7b5 1 4 15
0x7f2254ede7a8 10 4 13
0x7f2254ede7b5 0 4 15
0x7f2254ede7ab 1 3 10
0x7f2254ede647 1 7 38
0x7f2254ede7d3 1 2 8
0x7f2254ede7c8 1 3 11
0x7f2254ede611 0 5 23
0x7f2254ede5dc 1 9 53
0x7f2254ede5d0 15 4 12
0x7f2254ede5dc 0 9 53
0x7f2254ede5b4 1 9 40
0x7f2254ede5a4 2 4 16
0x7f2254ede710 2 2 15
0x7f2254ede5b4 0 9 40
0x7f2254ede5a4 0 4 16
0x7f2254ede558 2 16 76
0x7f2254ede51d 2 12 59
0x7f2254ede511 2 3 12
0x7f2254ede803 0 2 12
0x7f2254ede794 1 3 13
0x7f2254ede7a1 1 1 2
0x7f2254ede5b4 0 9 40
0x7f2254ede5dc 0 9 53
0x7f2254ede5dc 1 9 53
0x7f2254ede4a0 2 16 49
0x7f2254ede4d1 2 15 64
0x7f2254ede66d 0 3 13
0x7f2254ede6f9 2 9 18
0x7f2254ede611 1 5 23
0x7f2254ede628 0 2 8
0x7f2254ede633 1 3 12
0x7f2254ede63f 1 2 8
0x7f2254ede647 0 7 38
0x7f2254ede720 1 4 23
0x7f2254ede737 0 2 11
0x7f2254ede7f0 1 2 8
0x7f2254ede742 0 2 12
0x7f2254ede651 1 5 28
0x7f2254ede66d 1 3 13
0x7f2254ede691 1 1 5
0x7f2254ede67a 1 6 23
0x7f2254ede9a4 3 2 2
0x7f2254ede9a0 3 2 4
0x7f2254ede98c 3 6 20
0x7f2254ede960 3 11 44
0x7f2254edf19d 17 4 21
0x7f2254edf190 17 3 13
0x7f2254edf39a 0 2 9
0x7f2254edf384 17 6 22
0x7f2254edf370 17 5 20
0x7f2254eded3b 84 5 20
0x7f2254eded2b 101 4 16
0x7f2254eded22 101 2 9
0x7f2254eded18 101 2 10
0x7f2254edecd1 101 14 71
0x7f2254edecc0 140 4 17
0x7f2254edef4b 0 3 16
0x7f2254edef31 2 5 26
0x7f2254edef08 87 7 41
0x7f2254edee26 102 4 16
0x7f2254edee1c 102 2 10
0x7f2254edf39a 0 2 9
0x7f2254edf384 85 6 22
0x7f2254edf376 85 3 14
0x7f2254edee26 2 4 16
0x7f2254edee1c 2 2 10
0x7f2254ededf9 84 9 35
0x7f2254edf06f 39 4 13
0x7f2254edefd2 0 5 21
0x7f2254edf2b0 39 5 20
0x7f2254ededc8 14 12 49
0x7f2254edf2c4 39 5 19
0x7f2254eded95 14 12 51
0x7f2254eded70 3 9 37
0x7f2254eded66 3 2 10
0x7f2254edf2d7 0 2 9
0x7f2254edf452 38 2 12
0x7f2254edee26 0 4 16
0x7f2254edee1c 0 2 10
0x7f2254edee10 3 3 12
0x7f2254edfee5 3 5 31
0x7f2254ee01de 0 2 10
0x7f2254ee01d8 0 2 6
0x7f2254ee01d0 3 2 8
0x7f2254edfecc 3 3 15
0x7f2254edfea8 3 7 36
0x7f2254edfea0 3 3 8
0x7f2254edf088 1 5 28
0x7f2254edf07c 39 3 12
0x7f2254edf480 11 3 15
0x7f2254edf48f 0 3 11
0x7f2254edef85 39 3 9
0x7f2254edef8e 39 14 68
0x7f2254edeb83 1 9 39
0x7f2254edebaa 1 4 18
0x7f2254edebbc 1 7 28
0x7f2254edf1b2 17 6 26
0x7f2254edf448 39 2 10
0x7f2254edf4a0 1 3 19
0x7f2254edef5b 1 5 23
0x7f2254edf0a4 1 4 19
0x7f2254edef20 56 3 17
0x7f2254edef31 1 5 26
0x7f2254edef4b 1 3 16
0x7f2254eded4f 84 2 13
0x7f2254eded5c 81 2 10
0x7f2254eded66 70 2 10
0x7f2254eded70 70 9 37
0x7f2254eded95 70 12 51
0x7f2254ededc8 70 12 49
0x7f2254edf7c9 2 3 12
0x7f2254edebf8 2 10 50
0x7f2254edec2a 2 10 47
0x7f2254edec59 1 2 9
0x7f2254edf5d0 3 2 5
0x7f2254edf5d5 2 1 5
0x7f2254edf5f7 1 5 15
0x7f2254edf606 1 2 6
0x7f2254edf60c 0 5 31
0x7f2254edf5e0 1190 6 23
0x7f2254edf5f7 1189 5 15
0x7f2254edf606 1189 2 6
0x7f2254edec70 5 3 16
0x7f2254edec80 5 4 24
0x7f2254edec98 3 9 57
0x7f2254edec11 3 6 25
0x7f2254edec2a 2 10 47
0x7f2254edec59 1 2 9
0x7f2254edf08b 5 4 25
0x7f2254edf0a4 2 4 19
0x7f2254edeaa0 3 14 46
0x7f2254edeace 3 7 35
0x7f2254edeaf1 3 5 21
0x7f2254edeb06 3 2 14
0x7f2254edeb14 2 4 15
0x7f2254edeb23 2 3 25
0x7f2254ee0171 1 3 11
0x7f2254ee017c 0 2 12
0x7f2254edeb23 1 3 25
0x7f2254edeb3c 1 5 29
0x7f2254edeb59 1 2 9
0x7f2254edeb62 2 8 33
0x7f2254edeb83 2 9 39
0x7f2254edebaa 1 4 18
0x7f2254edebbc 1 7 28
0x7f2254edebd8 0 5 20
0x7f2254edebec 0 13 62
0x7f2254edebe3 3 2 9
0x7f2254edebec 1 13 62
0x7f2254edec2a 1 10 47
0x7f2254edf7c0 2 2 9
0x7f2254edeb59 2 2 9
0x7f2254edeb62 1 8 33
0x7f2254edf7d8 1 5 17
0x7f2254edf7e9 0 8 41
0x7f2254edf812 0 2 14
0x7f2254edf7fe 1 4 20
0x7f2254edf812 1 2 14
0x7f2254edf820 1 6 34
0x7f2254edeed0 1 3 16
0x7f2254edeee0 0 2 9
0x7f2254edeee9 0 5 23
0x7f2254edebb2 1 2 10
0x7f2254edebbc 1 7 28
0x7f2254edebd8 0 5 20
0x7f2254edec59 1 2 9
0x7f2254edec62 1 2 14
0x7f2254edec70 0 3 16
0x7f2254edf4b8 1 3 12
0x7f2254edf4c4 1 3 7
0x7f2254edf4fc 5 4 12
0x7f2254edf508 0 3 8
0x7f2254edf510 0 4 12
0x7f2254edf4d0 5 4 16
0x7f2254edf4e0 5 3 16
0x7f2254edf4f0 5 4 12
0x7f2254edf520 1 2 9
0x7f2254edf529 0 2 9
0x7f2254edf532 0 2 5
0x7f2254edee40 3 3 14
0x7f2254edee4e 3 3 22
0x7f2254edee64 3 2 10
0x7f2254edee6e 3 2 8
0x7f2254edee76 3 8 15
0x7f2254edecd1 3 14 71
0x7f2254eded18 3 2 10
0x7f2254eded22 3 2 9
0x7f2254eded2b 3 4 16
0x7f2254eded3b 3 5 20
0x7f2254eded4f 3 2 13
0x7f2254eded5c 3 2 10
0x7f2254edeb3c 2 5 29
0x7f2254ee04c2 2 3 6
0x7f2254ee0490 2 14 50
0x7f2254ee0513 1 2 12
0x7f2254ee04d0 1 19 67
0x7f2254ee051f 1 16 70
0x7f2254ee14f0 1 4 25
0x7f2254ee05cd 1 20 142
0x7f2254ee065b 0 4 21
0x7f2254ee0670 0 14 60
0x7f2254ee1198 3 2 14
0x7f2254ee11a6 3 2 13
0x7f2254ee06f7 2 7 38
0x7f2254ee06ee 2 2 9
0x7f2254ee11b3 2 3 16
0x7f2254ee065e 3 3 18
0x7f2254ee0670 2 14 60
0x7f2254ee06da 2 5 20
0x7f2254ee06ac 2 8 46
0x7f2254ee0c60 2 3 13
0x7f2254ee0c6d 1 10 37
0x7f2254ee0c32 1 11 59
0x7f2254ee0c26 1 3 12
0x7f2254ee0c18 1 3 14
0x7f2254ee0c0d 0 4 25
0x7f2254ee0bfa 0 4 19
0x7f2254ee0be7 1 4 19
0x7f2254ee1010 1 2 11
0x7f2254ee0be7 0 4 19
0x7f2254ee0bd9 1 3 14
0x7f2254ee0bcf 1 3 10
0x7f2254ee0fa0 1 1 5
0x7f2254ee0f94 1 3 12
0x7f2254ee0f86 1 2 14
0x7f2254ee0f78 1 2 14
0x7f2254ee0850 0 4 23
0x7f2254ee0f62 1 8 15
0x7f2254ee0f54 1 3 14
0x7f2254ee0f4c 0 2 8
0x7f2254ee0f40 1 3 12
0x7f2254ee0f2d 0 3 19
0x7f2254ee0f09 1 6 36
0x7f2254ee0ef2 1 6 23
0x7f2254ee1267 1 2 12
0x7f2254ee1258 1 3 15
0x7f2254ee0e83 0 12 47
0x7f2254ee0e69 1 5 26
0x7f2254ee0e5b 1 3 14
0x7f2254ee0cc4 0 15 67
0x7f2254ee0cb5 0 4 15
0x7f2254ee0ca5 1 3 16
0x7f2254ee0c92 1 3 19
0x7f2254ee0c6d 2 10 37
0x7f2254ee116d 0 5 36
0x7f2254ee1164 0 3 9
0x7f2254ee1158 2 3 12
0x7f2254ee116d 1 5 36
0x7f2254ee1164 3 3 9
0x7f2254ee0850 0 4 23
0x7f2254ee083f 2 4 17
0x7f2254ee0880 0 6 27
0x7f2254ee0870 48 3 16
0x7f2254ee06da 0 5 20
0x7f2254ee06d0 48 2 10
0x7f2254ee07d5 1 6 29
0x7f2254ee07d0 2 2 5
0x7f2254ee07c0 49 4 16
0x7f2254ee07d0 0 2 5
0x7f2254ee07b5 1 7 27
0x7f2254ee0761 2 17 84
0x7f2254ee0830 1 6 32
0x7f2254ee081b 1 5 21
0x7f2254ee07fe 1 7 29
0x7f2254ee07f2 1 3 12
0x7f2254ee071d 2 3 13
0x7f2254ee072a 2 3 13
0x7f2254ee0737 2 3 14
0x7f2254ee123e 1 3 19
0x7f2254ee1217 1 9 39
0x7f2254ee11f2 1 2 9
0x7f2254ee11db 1 6 23
0x7f2254ee11c3 1 4 24
0x7f2254ee0670 0 14 60
0x7f2254ee065b 0 4 21
0x7f2254ee0637 2 6 36
0x7f2254ee0850 2 4 23
0x7f2254ee1782 2 2 12
0x7f2254ee1e95 0 12 32
0x7f2254ee1e60 1 16 53
0x7f2254ee1e4f 1 5 17
0x7f2254ee1e45 1 3 10
0x7f2254ee1e30 1 6 21
0x7f2254ee1e60 0 16 53
0x7f2254ee1e4f 0 5 17
0x7f2254ee1e45 1 3 10
0x7f2254ee1e24 1 3 8
0x7f2254ee1e03 1 9 33
0x7f2254ee1dfa 1 3 9
0x7f2254ee1dd9 2 7 24
0x7f2254ee1dd0 2 3 9
0x7f2254ee1db8 2 8 24
0x7f2254ee1e03 0 9 33
0x7f2254ee1dfa 2 3 9
0x7f2254ee1df1 6 3 9
0x7f2254ee1df1 3 3 9
0x7f2254ee1dd9 4 7 24
0x7f2254ee1dd0 9 3 9
0x7f2254ee1c56 1 5 19
0x7f2254ee1c1e 1 15 56
0x7f2254ee2110 1 4 18
0x7f2254ee1dfa 0 3 9
0x7f2254ee1df1 3 3 9
0x7f2254ee1dd9 6 7 24
0x7f2254ee1dd0 1 3 9
0x7f2254ee1d94 1 15 60
0x7f2254ee1d80 7 5 20
0x7f2254ee1d46 1 3 12
0x7f2254ee1d29 0 4 16
0x7f2254ee1d1a 0 6 15
0x7f2254ee1d10 1 3 10
0x7f2254ee1ce8 1 4 17
0x7f2254ee1d94 0 15 60
0x7f2254ee1d5e 1 11 54
0x7f2254ee1d52 2 4 12
0x7f2254ee1d46 1 3 12
0x7f2254ee1d39 1 4 13
0x7f2254ee1d29 1 4 16
0x7f2254ee1d1a 2 6 15
0x7f2254ee1cf9 2 5 17
0x7f2254ee1c9e 1 20 91
0x7f2254ee1c69 1 14 53
0x7f2254ee1e95 1 12 32
0x7f2254ee1e80 3 6 21
0x7f2254ee1a77 2 4 12
0x7f2254ee1a50 3 11 39
0x7f2254ee1a88 0 2 9
0x7f2254ee1a83 0 2 5
0x7f2254ee1a77 1 4 12
0x7f2254ee1a2e 1 7 24
0x7f2254ee1a29 3 2 5
0x7f2254ee1a18 4 4 17
0x7f2254ee1a46 0 1 2
0x7f2254ee1a2e 0 7 24
0x7f2254ee1a29 1 2 5
0x7f2254ee1a0e 1 2 5
0x7f2254ee19f6 1 4 24
0x7f2254ee19e6 1 3 16
0x7f2254ee19ca 1 9 28
0x7f2254ee19c0 1 3 10
0x7f2254ee19f6 0 4 24
0x7f2254ee19e6 0 3 16
0x7f2254ee19d4 1 6 18
0x7f2254ee19ca 0 9 28
0x7f2254ee19b0 1 6 26
0x7f2254ee1950 1 19 65
0x7f2254ee1991 1 8 31
0x7f2254ee1fc7 0 2 6
0x7f2254ee1fbd 1 2 10
0x7f2254ee1f90 1 12 45
0x7f2254ee1beb 1 12 51
0x7f2254ee1bd5 1 5 22
0x7f2254ee1b98 1 14 61
0x7f2254ee1f84 0 3 11
0x7f2254ee1f70 1 5 20
0x7f2254ee1f61 0 2 6
0x7f2254ee1f4e 0 6 19
0x7f2254ee1f28 1 11 38
0x7f2254ee1efc 1 10 44
0x7f2254ee1ef3 1 3 9
0x7f2254ee1f61 1 2 6
0x7f2254ee1efc 0 10 44
0x7f2254ee1eec 1 5 16
0x7f2254ee1ecc 1 8 32
0x7f2254ee2019 1 4 16
0x7f2254ee2011 1 2 8
0x7f2254ee1eec 0 5 16
0x7f2254ee1ecc 0 8 32
0x7f2254ee1eb8 1 5 20
0x7f2254ee1a83 0 2 5
0x7f2254ee2299 2 4 9
0x7f2254ee21e1 2 4 15
0x7f2254ee21d7 2 2 10
0x7f2254ee228f 2 3 10
0x7f2254ee2253 2 6 17
0x7f2254ee2180 2 23 87
0x7f2254ee2264 2 4 12
0x7f2254ee2270 2 2 7
0x7f2254ee2277 2 2 5
0x7f2254ee227c 2 6 19
0x7f2254ee2231 2 9 34
0x7f2254ee21f0 2 14 65
0x7f2254ee2a60 0 2 9
0x7f2254ee2a41 0 12 31
0x7f2254ee2a20 1 7 33
0x7f2254ee2ac3 1 6 9
0x7f2254ee2aba 1 3 9
0x7f2254ee2ae5 0 3 8
0x7f2254ee2ac3 1 6 9
0x7f2254ee2a69 1 6 17
0x7f2254ee2b18 1 2 8
0x7f2254ee2b20 1 1 2
0x7f2254ee2adc 0 2 9
0x7f2254ee2ad0 1 3 12
0x7f2254ee2a60 1 2 9
0x7f2254ee2a20 2 7 33
0x7f2254ee2a7a 1 3 12
0x7f2254ee2a86 1 7 26
0x7f2254ee2aa0 1 7 26
0x7f2254ee2a41 2 12 31
0x7f2254ee2b8c 0 2 5
0x7f2254ee2b87 1 2 5
0x7f2254ee2b50 1 16 55
0x7f2254ee2bb6 1 5 16
0x7f2254ee2ba0 1 5 22
0x7f2254ee2bcb 0 8 15
0x7f2254ee2bb6 1 5 16
0x7f2254ee2ba0 1 5 22
0x7f2254ee2b91 1 4 15
0x7f2254ee2bc6 1 2 5
0x7f2254ee2bc6 2 2 5
0x7f2254ee2bcb 1 8 15
0x7f2254ee2ba0 1 5 22
0x7f2254ee2bb6 1 5 16
0x7f2254ee30b0 1 1 2
0x7f2254ee30b0 1 1 2
0x7f2254ee30c0 2 2 5
0x7f2254ee3140 2 1 2
0x7f2254ee30c0 1 2 5
0x7f2254ee30c5 0 6 27
0x7f2254ee30e0 0 2 5
0x7f2254ee30e5 0 10 45
0x7f2254ee3118 1 3 14
0x7f2254ee3126 1 3 11
0x7f2254ee3131 0 3 13
0x7f2254ee30e0 2 2 5
0x7f2254ee3131 0 3 13
0x7f2254ee30eb 1 9 39
0x7f2254ee30c5 0 6 27
0x7f2254ee3126 0 3 11
0x7f2254ee3118 2 3 14
0x7f2254ee30e0 0 2 5
0x7f2254ee37a6 1 2 4
0x7f2254ee37aa 1 5 17
0x7f2254ee37bb 1 2 4
0x7f2254ee37bf 1 4 14
0x7f2254ee3780 1 11 38
0x7f2254ee37f0 1 6 21
0x7f2254ee37cd 0 3 14
0x7f2254ee37db 1 7 17
0x7f2254ee3805 1 2 5
0x7f2254ee37d4 1 2 7
0x7f2254ee3a10 27 7 21
0x7f2254ee3a40 24 6 11
0x7f2254ee3a59 3 3 11
0x7f2254ee3a50 27 3 9
0x7f2254ee3a68 3 6 14
0x7f2254ee3a64 30 2 4
0x7f2254ee3a59 27 3 11
0x7f2254ee3a37 0 7 20
0x7f2254ee3a2e 27 3 9
0x7f2254ee3a25 27 3 9
0x7f2254ee3a25 2 3 9
0x7f2254ee3a10 2 7 21
0x7f2254ee3a2e 2 3 9
0x7f2254ee3a37 0 7 20
0x7f2254ee3a40 2 6 11
0x7f2254ee3a59 0 3 11
0x7f2254ee3a50 2 3 9
0x7f2254ee3a68 0 6 14
0x7f2254ee3a64 2 2 4
0x7f2254ee3a59 2 3 11
0x7f2254ee3ca7 3 3 17
0x7f2254ee3cb8 3 3 13
0x7f2254ee3d36 0 3 11
0x7f2254ee3cc5 3 3 10
0x7f2254ee3ccf 3 2 10
0x7f2254ee3cd9 3 3 11
0x7f2254ee3ce4 3 3 9
0x7f2254ee3df1 1 2 8
0x7f2254ee3df9 1 8 15
0x7f2254ee3ced 0 18 73
0x7f2254ee3c70 3 17 55
0x7f2254ee3ccf 7 2 10
0x7f2254ee3cd9 4 3 11
0x7f2254ee3df9 2 8 15
0x7f2254ee3df1 2 2 8
0x7f2254ee3ce4 4 3 9
0x7f2254ee3de0 3 5 17
0x7f2254ee44a4 0 1 5
0x7f2254ee4468 32 3 9
0x7f2254ee4471 32 14 51
0x7f2254ee437c 0 9 18
0x7f2254ee446b 3 2 6
0x7f2254ee4471 0 14 51
0x7f2254ee44a4 0 1 5
0x7f2254ee449d 3 3 7
0x7f2254ee4210 1 12 42
0x7f2254ee423a 1 9 38
0x7f2254ee4213 2 11 39
0x7f2254ee41dd 5 3 11
0x7f2254ee41d0 5 3 13
0x7f2254ee41f7 2 8 25
0x7f2254ee41ec 2 3 11
0x7f2254ee41e8 7 2 4
0x7f2254ee41dd 2 3 11
0x7f2254ee41c9 0 1 5
0x7f2254ee4198 2 11 49
0x7f2254ee417e 2 7 26
0x7f2254ee414e 4 11 48
0x7f2254ee4130 4 11 30
0x7f2254ee444a 4 3 13
0x7f2254ee443e 1 3 7
0x7f2254ee4407 2 17 55
0x7f2254ee434f 2 4 14
0x7f2254ee4363 3 7 21
0x7f2254ee43f3 2 6 20
0x7f2254ee43d9 2 7 23
0x7f2254ee43b4 4 7 37
0x7f2254ee43a3 4 3 17
0x7f2254ee4393 4 4 16
0x7f2254ee437c 0 9 18
0x7f2254ee4378 0 2 4
0x7f2254ee437c 0 9 18
0x7f2254ee4252 2 4 14
0x7f2254ee4378 1 2 4
0x7f2254ee4360 32 8 24
0x7f2254ee44a4 3 1 5
0x7f2254ee443e 1 3 7
0x7f2254ee4407 1 17 55
0x7f2254ee43f0 1 7 23
0x7f2254ee423a 0 9 38
0x7f2254ee44b9 0 1 5
0x7f2254ee44a9 2 4 16
0x7f2254ee4378 3 2 4
0x7f2254ee4260 3 10 30
0x7f2254ee437c 4 9 18
0x7f2254ee427e 2 6 21
0x7f2254ee4457 3 4 14
0x7f2254ee4293 0 3 12
0x7f2254ee4348 2 2 7
0x7f2254ee434f 1 4 14
0x7f2254ee4623 1 7 13
0x7f2254ee4610 4 7 19
0x7f2254ee45f9 4 2 9
0x7f2254ee45df 1 5 13
0x7f2254ee45d0 1 7 15
0x7f2254ee4602 4 4 14
0x7f2254ee50c7 1 8 21
0x7f2254ee50c2 1 2 5
0x7f2254ee50a0 1 9 34
0x7f2254ee53b0 1 3 16
0x7f2254ee53c0 1 3 12
0x7f2254ee54b9 1 2 8
0x7f2254ee54b0 1 2 9
0x7f2254ee5630 1 14 53
0x7f2254ee55c6 0 12 49
0x7f2254ee55b9 0 3 13
0x7f2254ee55a3 1 6 22
0x7f2254ee55b9 0 3 13
0x7f2254ee559a 0 9 31
0x7f2254ee5578 1 11 34
0x7f2254ee5617 0 6 22
0x7f2254ee55f7 0 9 32
0x7f2254ee55c6 1 12 49
0x7f2254ee5520 1 8 24
0x7f2254ee5538 1 2 11
0x7f2254ee5543 1 3 13
0x7f2254ee5550 1 3 12
0x7f2254ee555c 1 7 22
0x7f2254ee5700 1 8 32
0x7f2254ee5720 1 2 9
0x7f2254ee5729 1 16 71
0x7f2254ee576d 1 1 3
0x7f2254ee576d 285 1 3
0x7f2254ee5784 1 5 9
0x7f2254ee577f 1 2 5
0x7f2254ee5770 1 3 15
0x7f2254ee5990 1 12 31
0x7f2254ee588a 0 3 18
0x7f2254ee587d 0 3 13
0x7f2254ee5870 1 3 13
0x7f2254ee5964 0 3 13
0x7f2254ee5953 0 6 17
0x7f2254ee592c 1 8 39
0x7f2254ee591f 1 4 13
0x7f2254ee58ff 1 8 32
0x7f2254ee58f6 1 2 9
0x7f2254ee58df 1 4 23
0x7f2254ee58d6 1 2 9
0x7f2254ee589c 1 12 58
0x7f2254ee588a 1 3 18
0x7f2254ee587d 1 3 13
0x7f2254ee5849 1 10 36
0x7f2254ee5840 1 2 9
0x7f2254ee580f 1 12 49
0x7f2254ee57f2 0 2 8
0x7f2254ee57dc 1 5 22
0x7f2254ee57c0 1 10 28
0x7f2254ee5e30 1 7 23
0x7f2254ee5e5f 1 3 8
0x7f2254ee5e67 1 10 31
0x7f2254ee66b7 0 8 16
0x7f2254ee6670 2 2 9
0x7f2254ee6679 1 2 9
0x7f2254ee6682 1 2 9
0x7f2254ee66d0 1 2 6
0x7f2254ee66d6 1 7 14
0x7f2254ee66a3 0 4 20
0x7f2254ee669a 2 3 9
0x7f2254ee668b 0 3 11
0x7f2254ee6640 1 7 20
0x7f2254ee6654 1 6 22
0x7f2254ee666a 1 3 15
0x7f2254ee6679 1 2 9
0x7f2254ee6682 0 2 9
0x7f2254ee946a 2 14 59
0x7f2254ee93f0 2 22 117
0x7f2254ee94d8 1 9 28
0x7f2254ee94f4 1 2 12
0x7f2254ee9500 1 16 63
0x7f2254ee94c9 0 8 15
0x7f2254ee953f 1 24 93
0x7f2254ee959c 1 2 10
0x7f2254ee95a6 1 11 50
0x7f2254ee9799 1 9 22
0x7f2254ee96d1 0 4 13
0x7f2254ee96c7 1 2 10
0x7f2254ee95a6 0 11 50
0x7f2254ee959c 1 2 10
0x7f2254ee9570 1 11 44
0x7f2254ee96b0 1 2 6
0x7f2254ee96b6 1 4 17
0x7f2254ee94b0 1 11 25
0x7f2254ee96a3 1 3 12
0x7f2254ee9690 1 6 19
0x7f2254ee96d1 1 4 13
0x7f2254ee96c7 1 2 10
0x7f2254ee97e7 38 2 9
0x7f2254ee97f0 38 2 8
0x7f2254ee97f8 31 6 18
0x7f2254ee980a 0 3 6
0x7f2254ee9880 7 2 3
0x7f2254ee97da 40 4 13
0x7f2254ee980a 0 3 6
0x7f2254ee97f8 9 6 18
0x7f2254ee97f0 9 2 8
0x7f2254ee97e7 9 2 9
0x7f2254ee97da 9 4 13
0x7f2254ee97d0 11 4 10
0x7f2254ee9810 2 2 5
0x7f2254ee9815 2 9 30
0x7f2254ee9833 0 8 29
0x7f2254ee9850 2 5 16
0x7f2254ee9860 0 7 24
0x7f2254ee9878 0 2 8
0x7f2254ee9878 2 2 8
0x7f2254ee9880 0 2 3
0x7f2254ee980a 2 3 6
0x7f2254ee992e 0 3 15
0x7f2254ee9f20 1 3 19
0x7f2254ee9951 1 4 16
0x7f2254ee9ae6 1 2 9
0x7f2254ee9ad7 0 3 11
0x7f2254ee9ace 0 3 9
0x7f2254ee9ac9 1 2 5
0x7f2254ee9926 1 2 8
0x7f2254ee9aef 1 3 9
0x7f2254ee9af8 1 2 7
0x7f2254ee9b08 1 3 10
0x7f2254ee9b12 1 3 7
0x7f2254ee9b19 1 2 6
0x7f2254ee9b1f 1 4 19
0x7f2254ee9b32 1 2 5
0x7f2254ee9b37 1 4 20
0x7f2254ee9b4b 1 3 18
0x7f2254ee9b5d 1 2 11
0x7f2254ee9b68 1 2 9
0x7f2254ee9917 1 3 15
0x7f2254ee98f6 1 8 33
0x7f2254ee9a69 2 2 4
0x7f2254ee9a53 1 6 22
0x7f2254ee9a22 1 5 17
0x7f2254ee9a09 1 6 25
0x7f2254ee9a00 1 2 9
0x7f2254ee9a6d 1 16 72
0x7f2254ee99d3 3 3 11
0x7f2254ee99b1 3 10 34
0x7f2254ee99a8 3 3 9
0x7f2254ee99d3 3 3 11
0x7f2254ee99b1 3 10 34
0x7f2254ee99e4 3 3 9
0x7f2254ee99e2 6 1 2
0x7f2254ee99de 7 2 4
0x7f2254ee99d3 1 3 11
0x7f2254ee999c 1 2 5
0x7f2254ee9985 1 7 23
0x7f2254ee9961 1 8 36
0x7f2254ee9a38 1 3 9
0x7f2254ee9a41 1 5 15
0x7f2254ee9a50 1 7 25
0x7f2254ee98a0 1 11 33
0x7f2254ee98c1 1 3 16
0x7f2254ee98d1 0 2 10
0x7f2254ee9bce 1 8 15
0x7f2254ee9bc6 1 2 8
0x7f2254ee9be0 1 4 24
0x7f2254ee9ba3 1 9 35
0x7f2254ee9b87 0 5 28
0x7f2254ee9b7e 1 2 9
0x7f2254ee9b71 1 4 13
0x7f2254ee9bf8 1 3 13
0x7f2254ee9c05 1 3 17
0x7f2254ee9c16 1 3 19
0x7f2254ee9c29 1 2 13
0x7f2254ee9c36 1 2 11
0x7f2254ee98e2 1 4 20
0x7f2254ee9c9d 0 13 58
0x7f2254ee9c90 1 2 13
0x7f2254ee9c70 1 6 32
0x7f2254ee9c41 1 10 47
0x7f2254ee9f68 1 3 16
0x7f2254ee9f61 0 1 2
0x7f2254ee9f50 1 4 17
0x7f2254ee9f78 1 3 16
0x7f2254eea106 0 2 8
0x7f2254eea10e 0 4 18
0x7f2254eea0f0 1294 2 5
0x7f2254eea193 1008 2 4
0x7f2254eea186 1008 4 13
0x7f2254eea17d 1680 3 9
0x7f2254eea0f8 112 4 14
0x7f2254eea178 1680 2 5
0x7f2254eea0f5 1182 5 17
0x7f2254eea1ea 0 8 15
0x7f2254eea106 0 2 8
0x7f2254eea106 112 2 8
0x7f2254eea136 9 4 17
0x7f2254eea1de 112 3 12
0x7f2254eea10e 112 4 18
0x7f2254eea1d0 1792 4 14
0x7f2254eea120 112 5 22
0x7f2254eea186 0 4 13
0x7f2254eea17d 112 3 9
0x7f2254eea163 112 6 26
0x7f2254eea1b1 52 6 19
0x7f2254eea1c4 0 2 4
0x7f2254eea1c8 0 5 22
0x7f2254eea1ad 24 2 4
0x7f2254eea1b1 24 6 19
0x7f2254eea0b9 112 3 12
0x7f2254eea0c5 111 4 19
0x7f2254eea070 1 11 27
0x7f2254eea19b 52 3 8
0x7f2254eea197 1008 2 4
0x7f2254eea08b 0 4 16
0x7f2254eea0b0 1 2 9
0x7f2254eea0d8 111 2 9
0x7f2254eea0e1 111 2 7
0x7f2254eea1a8 76 2 5
0x7f2254eea1ea 1 8 15
0x7f2254eea0b9 1 3 12
0x7f2254eea0c5 1 4 19
0x7f2254eea0d8 1 2 9
0x7f2254eea0e1 1 2 7
0x7f2254eea14b 0 5 15
0x7f2254eea147 0 2 4
0x7f2254eea550 1 9 38
0x7f2254eea576 1 2 6
0x7f2254eea576 11 2 6
0x7f2254eea550 11 9 38
0x7f2254eea59e 0 2 7
0x7f2254eea599 0 2 5
0x7f2254eea5a8 16 1 2
0x7f2254eea59e 0 2 7
0x7f2254eea599 0 2 5
0x7f2254eea59e 0 2 7
0x7f2254eea5a8 1 1 2
0x7f2254eea580 13 6 25
0x7f2254eea57c 0 2 4
0x7f2254eea576 4 2 6
0x7f2254eea550 5 9 38
0x7f2254eea583 3 5 22
0x7f2254eea57c 3 2 4
0x7f2254eea599 0 2 5
0x7f2254eea580 1 6 25
0x7f2254eea57c 0 2 4
0x7f2254eeb8a0 1 4 13
0x7f2254eeb8ad 1 4 13
0x7f2254eeb8ba 1 21 75
0x7f2254eeb905 1 2 9
0x7f2254eeba26 0 3 11
0x7f2254eeba31 0 4 12
0x7f2254eeb9e8 5 3 7
0x7f2254eeb9ef 5 3 7
0x7f2254eeb9f6 4 4 12
0x7f2254eeba02 0 5 15
0x7f2254eeba11 1 6 21
0x7f2254eeba26 0 3 11
0x7f2254eeba31 0 4 12
0x7f2254eeba08 4 3 9
0x7f2254eeba11 4 6 21
0x7f2254eeba26 2 3 11
0x7f2254eebabe 1 3 16
0x7f2254eebb08 1 2 12
0x7f2254eebaaa 1 4 20
0x7f2254eeba90 1 6 26
0x7f2254eeba88 1 2 8
0x7f2254eeb954 0 2 13
0x7f2254eeb941 1 6 19
0x7f2254eeb917 1 7 42
0x7f2254eeb90e 1 3 9
0x7f2254eebace 0 3 18
0x7f2254eebae0 0 8 34
0x7f2254eeb954 1 2 13
0x7f2254eeb961 1 4 11
0x7f2254eeb96c 1 2 8
0x7f2254eeb974 1 8 30
0x7f2254eeb992 1 2 8
0x7f2254eeb99a 1 12 73
0x7f2254eeba20 1 2 6
0x7f2254eeba31 25 4 12
0x7f2254eeba0b 25 2 6
0x7f2254eeba11 24 6 21
0x7f2254eeba26 23 3 11
0x7f2254eeba40 1 3 13
0x7f2254eeba4d 1 7 32
0x7f2254eec0d0 1 3 11
0x7f2254eebfca 0 1 5
0x7f2254eebfbe 0 3 12
0x7f2254eebf9a 1 5 36
0x7f2254eebf7f 1 6 27
0x7f2254eebf64 1 6 27
0x7f2254eebf55 1 4 15
0x7f2254eebf28 1 8 45
0x7f2254eebf19 1 3 15
0x7f2254eebf0e 1 3 11
0x7f2254eec1e6 1 10 45
0x7f2254eec1e1 1 2 5
0x7f2254eec2cb 1 1 5
0x7f2254eec2c3 1 3 8
0x7f2254eec282 1 1 2
0x7f2254eec272 1 4 16
0x7f2254eec263 1 3 15
0x7f2254eebffb 1 5 21
0x7f2254eebfed 1 3 14
0x7f2254eebfdd 1 3 16
0x7f2254eec1cc 1 3 9
0x7f2254eec1d5 0 4 17
0x7f2254eebfcf 1 3 14
0x7f2254eec1e6 0 10 45
0x7f2254eec239 1 7 26
0x7f2254eec253 1 4 16
0x7f2254eebfca 1 1 5
0x7f2254eec100 1 2 12
0x7f2254eec16c 1 2 9
0x7f2254eec156 1 4 22
0x7f2254eec010 1 9 20
0x7f2254eec140 1 4 22
0x7f2254eec130 1 3 16
0x7f2254eec0e9 0 2 8
0x7f2254eec0db 0 3 14
0x7f2254eebe32 1 1 5
0x7f2254eebc60 1 2 9
0x7f2254eebc69 0 2 5
0x7f2254eebc6e 0 3 9
0x7f2254eec2d0 1 2 12
0x7f2254eebc69 1 2 5
0x7f2254eebc6e 1 3 9
0x7f2254eebc77 1 3 12
0x7f2254eebc83 1 3 14
0x7f2254eebde4 0 1 5
0x7f2254eebdc8 1 7 28
0x7f2254eebc91 1 4 19
0x7f2254eebca4 1 4 19
0x7f2254eebcb7 1 4 17
0x7f2254eebcc8 0 4 19
0x7f2254eebcdb 0 4 23
0x7f2254eebcd4 1 2 7
0x7f2254eebcdb 1 4 23
0x7f2254eebc58 0 3 17
0x7f2254eebc69 0 2 5
0x7f2254eebc4c 8 4 12
0x7f2254eebc58 0 3 17
0x7f2254eebc69 0 2 5
0x7f2254eebe80 1 5 20
0x7f2254eebe94 0 1 5
0x7f2254eebe40 1 6 26
0x7f2254eebe5a 0 1 5
0x7f2254eebd80 1 6 25
0x7f2254eebd99 0 1 5
0x7f2254eebd58 1 7 29
0x7f2254eebc48 1 5 16
0x7f2254eebeaa 1 2 7
0x7f2254eebd75 0 1 5
0x7f2254eebd30 1 7 30
0x7f2254eebd4e 0 1 5
0x7f2254eebe18 1 6 26
0x7f2254eec1b0 1 6 28
0x7f2254eebee3 1 2 12
0x7f2254eebed7 1 2 12
0x7f2254eebec5 1 3 18
0x7f2254eebeb1 1 4 20
0x7f2254eebb20 1 19 67
0x7f2254eebb63 1 3 10
0x7f2254eebb6d 0 8 47
0x7f2254eebb63 111 3 10
0x7f2254eebea5 1 1 5
0x7f2254eebcf2 1 3 16
0x7f2254eebe7a 0 1 5
0x7f2254eebe60 1 6 26
0x7f2254eebe0e 0 1 5
0x7f2254eebdf0 1 7 30
0x7f2254eebc3a 18 3 9
0x7f2254eebc30 18 3 10
0x7f2254eebd26 0 1 5
0x7f2254eebd08 1 7 30
0x7f2254eebc3a 1 3 9
0x7f2254eebb9c 1 32 158
0x7f2254eebb6d 1 8 47
0x7f2254eec2e0 1 1 2
0x7f2254eec532 1 6 15
0x7f2254eec527 1 3 11
0x7f2254eec511 1 6 22
0x7f2254eec4d9 1 2 9
0x7f2254eec4c6 1 6 19
0x7f2254eec4c1 2 2 5
0x7f2254eec4b0 2 4 17
0x7f2254eec4d9 0 2 9
0x7f2254eec4c6 0 6 19
0x7f2254eec4c1 1 2 5
0x7f2254eec4a3 1 3 9
0x7f2254eec48b 1 4 24
0x7f2254eec470 1 7 27
0x7f2254eec690 1 1 2
0x7f2254eec671 11 2 6
0x7f2254eec66c 111 2 5
0x7f2254eec660 112 4 12
0x7f2254eec650 1 4 11
0x7f2254eec65b 0 1 2
0x7f2254eec66c 1 2 5
0x7f2254eec671 1 2 6
0x7f2254eec677 0 2 6
0x7f2254eec710 6 3 16
0x7f2254eec720 5 7 31
0x7f2254eec73f 5 4 15
0x7f2254eec7f0 1 7 37
0x7f2254eec727 1 6 24
0x7f2254eec73f 1 4 15
0x7f2254eec74e 0 9 29
0x7f2254eec7d8 6 4 18
0x7f2254eec74e 1 9 29
0x7f2254eec76b 0 2 9
0x7f2254eec774 0 9 35
0x7f2254eec774 1 9 35
0x7f2254eec797 1 2 10
0x7f2254eec7a1 1 3 12
0x7f2254eec7ad 1 10 38
0x7f2254eec720 12 7 31
0x7f2254eec73f 11 4 15
0x7f2254eec7d8 11 4 18
0x7f2254eec710 12 3 16
0x7f2254eec85c 7 1 5
0x7f2254eec85c 0 1 5
0x7f2254eec840 7 7 23
0x7f2254eec85c 2 1 5
0x7f2254eec85c 0 1 5
0x7f2254eec857 0 2 5
0x7f2254eec840 2 7 23
0x7f2254eec857 0 2 5
0x7f2254eece50 2 19 93
0x7f2254eecead 2 2 4
0x7f2254eeceb1 2 4 15
0x7f2254eecec0 2 12 54
0x7f2254eecf4b 1 6 21
0x7f2254eecf20 1 9 43
0x7f2254eed0f2 1 1 2
0x7f2254eed0e4 1 4 14
0x7f2254eed0d9 1 3 11
0x7f2254eed0d0 1 3 9
0x7f2254eed120 1 7 21
0x7f2254eed135 1 3 10
0x7f2254eed13f 0 2 7
0x7f2254eed151 1 2 6
0x7f2254eed157 0 1 2
0x7f2254eed159 0 5 13
0x7f2254eed177 1 5 10
0x7f2254eeddba 2 1 2
0x7f2254eeddb2 2 2 8
0x7f2254eedda5 2 4 13
0x7f2254eedda0 2 2 5
0x7f2254eede58 2 1 2
0x7f2254eede20 2 3 11
0x7f2254eede2b 2 5 17
0x7f2254eede50 2 2 8
0x7f2254eede3c 2 5 20
0x7f2254eedeaf 1 1 2
0x7f2254eedea0 1 3 7
0x7f2254eedea7 1 2 8
0x7f2254eedf30 1 3 10
0x7f2254eedf3a 1 2 8
0x7f2254eedf42 0 1 2
0x7f2254eedf48 1 4 14
0x7f2254eee002 2 1 2
0x7f2254eedffa 2 2 8
0x7f2254eedff0 2 3 10
0x7f2254eee020 5 2 9
0x7f2254eee029 5 14 33
0x7f2254eee04a 2 8 25
0x7f2254eee098 3 2 5
0x7f2254eee09d 1 2 9
0x7f2254eee0a6 0 9 27
0x7f2254eee04a 3 8 25
0x7f2254eee063 5 2 8
0x7f2254eee06b 5 7 11
0x7f2254eee100 1 2 7
0x7f2254eee107 1 2 8
0x7f2254eee10f 1 1 1
0x7f2254eee12f 4 1 1
0x7f2254eee127 4 2 8
0x7f2254eee120 4 2 7
0x7f2254eee1c0 2 20 80
0x7f2254eee440 1 5 14
0x7f2254eee44e 1 3 12
0x7f2254eee45a 1 2 5
0x7f2254eee45f 1 7 20
0x7f2254eef7aa 3 12 56
0x7f2254eef328 0 3 13
0x7f2254eef2f0 1 12 56
0x7f2254eef2e2 1 4 14
0x7f2254eef770 3 10 58
0x7f2254eef740 17 12 48
0x7f2254eee4fc 22 9 32
0x7f2254eee4fa 44 1 2
0x7f2254eee4e0 111 8 26
0x7f2254eee4a6 56 11 50
0x7f2254eee4a1 84 2 5
0x7f2254eee490 167 6 17
0x7f2254eef880 22 5 18
0x7f2254eef2aa 1 12 56
0x7f2254eef270 1 10 58
0x7f2254eef240 4 12 48
0x7f2254eee4fc 2 9 32
0x7f2254eee4fa 6 1 2
0x7f2254eee4d8 6 10 34
0x7f2254eef3ea 2 12 56
0x7f2254eef3b0 2 10 58
0x7f2254eef380 7 12 48
0x7f2254eeee80 2 12 48
0x7f2254eeeeb0 0 10 58
0x7f2254eeeeea 0 12 56
0x7f2254eef380 2 12 48
0x7f2254eef8a0 143 5 15
0x7f2254eef3b0 2 10 58
0x7f2254eef3ea 2 12 56
0x7f2254eef880 2 5 18
0x7f2254eef892 0 7 29
0x7f2254eef52a 0 12 56
0x7f2254eef4f0 0 10 58
0x7f2254eef4c0 1 12 48
0x7f2254eef892 8 7 29
0x7f2254eef02a 0 12 56
0x7f2254eeeff0 0 10 58
0x7f2254eeefc0 2 12 48
0x7f2254eee503 26 6 25
0x7f2254eef892 16 7 29
0x7f2254eef885 95 4 13
0x7f2254eef02a 2 12 56
0x7f2254eeeff0 2 10 58
0x7f2254eeefc0 2 12 48
0x7f2254eee9b0 1 10 58
0x7f2254eee980 1 12 48
0x7f2254eef7aa 7 12 56
0x7f2254eef770 7 10 58
0x7f2254eef740 8 12 48
0x7f2254eee586 0 9 42
0x7f2254eee547 0 12 63
0x7f2254eee520 67 10 39
0x7f2254eee9ea 1 12 56
0x7f2254eef4c0 1 12 48
0x7f2254eeeb2a 5 12 56
0x7f2254eeeaf0 5 10 58
0x7f2254eef4f0 1 10 58
0x7f2254eee490 9 6 17
0x7f2254eee4a1 7 2 5
0x7f2254eee4a6 1 11 50
0x7f2254eee4e0 8 8 26
0x7f2254eef52a 1 12 56
0x7f2254eee4fa 8 1 2
0x7f2254eee4fc 4 9 32
0x7f2254eee503 4 6 25
0x7f2254eef740 5 12 48
0x7f2254eef770 0 10 58
0x7f2254eef7aa 0 12 56
0x7f2254eef885 6 4 13
0x7f2254eef892 4 7 29
0x7f2254eef8a0 5 5 15
0x7f2254eee840 1 12 48
0x7f2254eee870 0 10 58
0x7f2254eee8aa 0 12 56
0x7f2254eeeac0 5 12 48
0x7f2254ef0243 2 6 20
0x7f2254ef0223 3 9 32
0x7f2254ef0200 3 8 35
0x7f2254ef0258 1 24 98
0x7f2254ef02ba 0 23 96
0x7f2254ef031a 0 23 90
0x7f2254ef0360 1 6 21
0x7f2254ef0456 5 2 4
0x7f2254ef0446 5 5 16
0x7f2254ef0420 5 9 38
0x7f2254ef0420 5 9 38
0x7f2254ef0446 5 5 16
0x7f2254ef0456 2 2 4
0x7f2254ef04a2 3 2 5
0x7f2254ef045a 3 18 72
0x7f2254ef0960 2 3 8
0x7f2254ef0960 5 3 8
0x7f2254ef0990 1 2 5
0x7f2254ef0995 0 2 5
0x7f2254ef099a 0 2 5
0x7f2254ef09a7 1 5 17
0x7f2254ef0970 3 3 9
0x7f2254ef0979 1 2 6
0x7f2254ef097f 1 5 17
0x7f2254ef0990 7 2 5
0x7f2254ef0995 7 2 5
0x7f2254ef099a 4 2 5
0x7f2254ef099f 2 1 2
0x7f2254ef09a1 2 3 6
0x7f2254ef0973 2 2 6
0x7f2254ef0970 6 3 9
0x7f2254ef0979 5 2 6
0x7f2254ef097f 5 5 17
0x7f2254ef0979 2 2 6
0x7f2254ef097f 2 5 17
0x7f2254ef09b8 3 5 13
0x7f2254ef09c5 2 5 17
0x7f2254ef097f 0 5 17
0x7f2254ef0979 0 2 6
0x7f2254ef0973 5 2 6
0x7f2254ef0b6e 2 2 6
0x7f2254ef0bf6 1 1 2
0x7f2254ef0bda 42 7 28
0x7f2254ef0b74 0 3 11
0x7f2254ef0b7f 2 2 6
0x7f2254ef0bf6 1 1 2
0x7f2254ef0bda 2 7 28
0x7f2254ef0b9b 2 14 63
0x7f2254ef0b85 0 5 22
0x7f2254ef0bf8 2 3 10
0x7f2254ef0c02 2 2 5
0x7f2254ef0c21 1 3 9
0x7f2254ef0c1a 1 3 7
0x7f2254ef0c07 1 2 5
0x7f2254ef0b50 4 7 30
# $eof
