INSMIX        1.0         0
#
# $static-counts
#
#     opcode       count-unpredicated    count-predicated
#

#
# $dynamic-counts
#
#     opcode       count-unpredicated    count-predicated
#
   8 ADD                          87496302                0
  31 AND                          37487636                0
  63 BSF                               189                0
  64 BSR                                 3                0
  66 BT                                122                0
  75 CALL_NEAR                    40812667                0
  78 CDQE                          3322898                0
  92 CMOVB                              40                0
  93 CMOVBE                        1329121                0
  97 CMOVNBE                          1283                0
 103 CMOVNZ                         664597                0
 106 CMOVS                          664579                0
 107 CMOVZ                             120                0
 108 CMP                          77080372                0
 117 CMPXCHG                        664593                0
 122 CMPXCHG_LOCK                        2                0
 125 CPUID                              27                0
 126 CQO                                 2                0
 154 DEC                            664593                0
 156 DIV                          66991754                0
 283 IDIV                                2                0
 284 IMUL                              926                0
 286 INC                                 1                0
 309 JB                           11837378                0
 310 JBE                          27294560                0
 313 JL                            1329161                0
 314 JLE                              3940                0
 315 JMP                          12642013                0
 317 JNB                           3989904                0
 318 JNBE                          4654302                0
 319 JNL                                 4                0
 320 JNLE                          2658349                0
 323 JNS                                 7                0
 324 JNZ                          19876639                0
 328 JS                            1996314                0
 329 JZ                           31304464                0
 387 LEA                          23855036                0
 388 LEAVE                          664582                0
 426 MOV                        1166474753                0
 428 MOVAPS                             16                0
 430 MOVD                               11                0
 435 MOVDQA                            464                0
 436 MOVDQU                         664612                0
 438 MOVHPD                            114                0
 441 MOVLPD                            114                0
 453 MOVQ                                5                0
 463 MOVSX                         1993845                0
 464 MOVSXD                        1996535                0
 466 MOVUPS                         664612                0
 467 MOVZX                        19235811                0
 471 MUL                           4562538                0
 479 NEG                              1316                0
 481 NOP                          24823792                0
 490 NOT                          23492034                0
 492 OR                            1329424                0
 525 PCMPEQB                           445                0
 594 PMOVMSKB                          232                0
 615 POP                          49474028                0
 622 POR                                31                0
 633 PSHUFD                             10                0
 641 PSLLDQ                             83                0
 648 PSRLDQ                             25                0
 651 PSUBB                             207                0
 666 PUNPCKLBW                          10                0
 669 PUNPCKLWD                          10                0
 670 PUSH                         50139605                0
 677 PXOR                              256                0
 693 RDTSC                               9                0
 739 RET_NEAR                     40812663                0
 742 ROL                                12                0
 743 ROR                                 1                0
 755 SAR                               120                0
 768 SETB                                1                0
 769 SETBE                              73                0
 773 SETNBE                              7                0
 775 SETNLE                              1                0
 779 SETNZ                        10004454                0
 784 SETZ                           664839                0
 794 SHL                          67304306                0
 797 SHR                           4564192                0
 819 STOSQ                             358                0
 823 SUB                          28418497                0
 830 SYSCALL                          1302                0
 844 TEST                         33217753                0
 852 TZCNT                         1329158                0
1135 VMOVD                         1329158                0
1140 VMOVDQU                       1329159                0
1216 VPBROADCASTB                  1329159                0
1226 VPCMPEQB                      2658318                0
1372 VPMOVMSKB                     1329160                0
1416 VPOR                          1329158                0
1512 VPXOR                         1329159                0
1593 VZEROUPPER                    1329159                0
1606 XADD_LOCK                           2                0
1608 XCHG                               84                0
1610 XGETBV                              1                0
1612 XOR                          11301631                0
3000 *total                     2013725314                0
3001 *mem-atomic                         4                0
3002 *stack-read                 637011661                0
3003 *stack-write                360958371                0
3004 *iprel-read                   9306357                0
3005 *iprel-write                      336                0
3007 *mem-read-1                  11226764                0
3008 *mem-read-2                      4574                0
3010 *mem-read-4                 157918270                0
3014 *mem-read-8                 648305318                0
3022 *mem-read-16                   664945                0
3038 *mem-read-32                  1329159                0
3527 *mem-write-1                  5895622                0
3528 *mem-write-2                      432                0
3530 *mem-write-4                142898796                0
3534 *mem-write-8                247857386                0
3542 *mem-write-16                  664804                0
# $eof
